<?xml version="1.0" encoding="UTF-8"?>
<coverage generated="1751810147275" clover="3.2.0">
  <project timestamp="1751810147275" name="All files">
    <metrics statements="56" coveredstatements="44" conditionals="23" coveredconditionals="20" methods="15" coveredmethods="10" elements="94" coveredelements="74" complexity="0" loc="56" ncloc="56" packages="3" files="6" classes="6"/>
    <package name="src">
      <metrics statements="1" coveredstatements="0" conditionals="0" coveredconditionals="0" methods="1" coveredmethods="0"/>
      <file name="App.js" path="C:\Users\massi\OneDrive\Desktop\Personal\University\IU\1st year\1st semester\PROJECT SOFTWARE ENGINEERING\Project code\trackgoals-frontend\src\App.js">
        <metrics statements="1" coveredstatements="0" conditionals="0" coveredconditionals="0" methods="1" coveredmethods="0"/>
        <line num="14" count="0" type="stmt"/>
      </file>
    </package>
    <package name="src.components">
      <metrics statements="46" coveredstatements="44" conditionals="21" coveredconditionals="20" methods="11" coveredmethods="10"/>
      <file name="HabitPage.js" path="C:\Users\massi\OneDrive\Desktop\Personal\University\IU\1st year\1st semester\PROJECT SOFTWARE ENGINEERING\Project code\trackgoals-frontend\src\components\HabitPage.js">
        <metrics statements="1" coveredstatements="0" conditionals="0" coveredconditionals="0" methods="1" coveredmethods="0"/>
        <line num="6" count="0" type="stmt"/>
      </file>
      <file name="Login.js" path="C:\Users\massi\OneDrive\Desktop\Personal\University\IU\1st year\1st semester\PROJECT SOFTWARE ENGINEERING\Project code\trackgoals-frontend\src\components\Login.js">
        <metrics statements="28" coveredstatements="27" conditionals="12" coveredconditionals="11" methods="5" coveredmethods="5"/>
        <line num="11" count="16" type="stmt"/>
        <line num="12" count="16" type="stmt"/>
        <line num="13" count="16" type="stmt"/>
        <line num="14" count="16" type="stmt"/>
        <line num="16" count="16" type="stmt"/>
        <line num="20" count="16" type="stmt"/>
        <line num="21" count="16" type="stmt"/>
        <line num="22" count="16" type="cond" truecount="2" falsecount="0"/>
        <line num="23" count="1" type="stmt"/>
        <line num="34" count="16" type="stmt"/>
        <line num="35" count="4" type="stmt"/>
        <line num="38" count="4" type="cond" truecount="2" falsecount="0"/>
        <line num="39" count="2" type="stmt"/>
        <line num="40" count="2" type="stmt"/>
        <line num="43" count="2" type="stmt"/>
        <line num="45" count="2" type="stmt"/>
        <line num="47" count="2" type="stmt"/>
        <line num="51" count="1" type="stmt"/>
        <line num="52" count="1" type="stmt"/>
        <line num="54" count="1" type="stmt"/>
        <line num="55" count="1" type="stmt"/>
        <line num="57" count="1" type="cond" truecount="1" falsecount="1"/>
        <line num="58" count="1" type="stmt"/>
        <line num="60" count="0" type="stmt"/>
        <line num="63" count="2" type="stmt"/>
        <line num="67" count="16" type="stmt"/>
        <line num="82" count="2" type="stmt"/>
        <line num="92" count="3" type="stmt"/>
      </file>
      <file name="SignUp.js" path="C:\Users\massi\OneDrive\Desktop\Personal\University\IU\1st year\1st semester\PROJECT SOFTWARE ENGINEERING\Project code\trackgoals-frontend\src\components\SignUp.js">
        <metrics statements="17" coveredstatements="17" conditionals="9" coveredconditionals="9" methods="5" coveredmethods="5"/>
        <line num="5" count="16" type="stmt"/>
        <line num="6" count="16" type="stmt"/>
        <line num="7" count="16" type="stmt"/>
        <line num="8" count="16" type="stmt"/>
        <line num="10" count="16" type="stmt"/>
        <line num="11" count="3" type="stmt"/>
        <line num="12" count="3" type="stmt"/>
        <line num="13" count="3" type="stmt"/>
        <line num="14" count="1" type="stmt"/>
        <line num="16" count="2" type="cond" truecount="5" falsecount="0"/>
        <line num="17" count="1" type="stmt"/>
        <line num="19" count="1" type="stmt"/>
        <line num="21" count="2" type="stmt"/>
        <line num="25" count="16" type="stmt"/>
        <line num="41" count="3" type="stmt"/>
        <line num="53" count="3" type="stmt"/>
        <line num="66" count="3" type="stmt"/>
      </file>
    </package>
    <package name="src.components.common">
      <metrics statements="9" coveredstatements="0" conditionals="2" coveredconditionals="0" methods="3" coveredmethods="0"/>
      <file name="Header.js" path="C:\Users\massi\OneDrive\Desktop\Personal\University\IU\1st year\1st semester\PROJECT SOFTWARE ENGINEERING\Project code\trackgoals-frontend\src\components\common\Header.js">
        <metrics statements="5" coveredstatements="0" conditionals="0" coveredconditionals="0" methods="2" coveredmethods="0"/>
        <line num="4" count="0" type="stmt"/>
        <line num="5" count="0" type="stmt"/>
        <line num="6" count="0" type="stmt"/>
        <line num="7" count="0" type="stmt"/>
        <line num="9" count="0" type="stmt"/>
      </file>
      <file name="PrivateRoute.js" path="C:\Users\massi\OneDrive\Desktop\Personal\University\IU\1st year\1st semester\PROJECT SOFTWARE ENGINEERING\Project code\trackgoals-frontend\src\components\common\PrivateRoute.js">
        <metrics statements="4" coveredstatements="0" conditionals="2" coveredconditionals="0" methods="1" coveredmethods="0"/>
        <line num="15" count="0" type="stmt"/>
        <line num="17" count="0" type="cond" truecount="0" falsecount="2"/>
        <line num="19" count="0" type="stmt"/>
        <line num="23" count="0" type="stmt"/>
      </file>
    </package>
  </project>
</coverage>
