{"C:\\Users\\massi\\OneDrive\\Desktop\\Personal\\University\\IU\\1st year\\1st semester\\PROJECT SOFTWARE ENGINEERING\\Project code\\trackgoals-frontend\\src\\App.js": {"path":"C:\\Users\\massi\\OneDrive\\Desktop\\Personal\\University\\IU\\1st year\\1st semester\\PROJECT SOFTWARE ENGINEERING\\Project code\\trackgoals-frontend\\src\\App.js","statementMap":{"0":{"start":{"line":18,"column":2},"end":{"line":59,"column":4}}},"fnMap":{"0":{"name":"App","decl":{"start":{"line":17,"column":9},"end":{"line":17,"column":12}},"loc":{"start":{"line":17,"column":15},"end":{"line":60,"column":1}},"line":17}},"branchMap":{},"s":{"0":0},"f":{"0":0},"b":{}}
,"C:\\Users\\massi\\OneDrive\\Desktop\\Personal\\University\\IU\\1st year\\1st semester\\PROJECT SOFTWARE ENGINEERING\\Project code\\trackgoals-frontend\\src\\index.js": {"path":"C:\\Users\\massi\\OneDrive\\Desktop\\Personal\\University\\IU\\1st year\\1st semester\\PROJECT SOFTWARE ENGINEERING\\Project code\\trackgoals-frontend\\src\\index.js","statementMap":{"0":{"start":{"line":7,"column":13},"end":{"line":7,"column":65}},"1":{"start":{"line":8,"column":0},"end":{"line":12,"column":2}},"2":{"start":{"line":17,"column":0},"end":{"line":17,"column":18}}},"fnMap":{},"branchMap":{},"s":{"0":0,"1":0,"2":0},"f":{},"b":{}}
,"C:\\Users\\massi\\OneDrive\\Desktop\\Personal\\University\\IU\\1st year\\1st semester\\PROJECT SOFTWARE ENGINEERING\\Project code\\trackgoals-frontend\\src\\reportWebVitals.js": {"path":"C:\\Users\\massi\\OneDrive\\Desktop\\Personal\\University\\IU\\1st year\\1st semester\\PROJECT SOFTWARE ENGINEERING\\Project code\\trackgoals-frontend\\src\\reportWebVitals.js","statementMap":{"0":{"start":{"line":1,"column":24},"end":{"line":11,"column":1}},"1":{"start":{"line":2,"column":2},"end":{"line":10,"column":3}},"2":{"start":{"line":3,"column":4},"end":{"line":9,"column":7}},"3":{"start":{"line":4,"column":6},"end":{"line":4,"column":26}},"4":{"start":{"line":5,"column":6},"end":{"line":5,"column":26}},"5":{"start":{"line":6,"column":6},"end":{"line":6,"column":26}},"6":{"start":{"line":7,"column":6},"end":{"line":7,"column":26}},"7":{"start":{"line":8,"column":6},"end":{"line":8,"column":27}}},"fnMap":{"0":{"name":"(anonymous_0)","decl":{"start":{"line":1,"column":24},"end":{"line":1,"column":25}},"loc":{"start":{"line":1,"column":39},"end":{"line":11,"column":1}},"line":1},"1":{"name":"(anonymous_1)","decl":{"start":{"line":3,"column":30},"end":{"line":3,"column":31}},"loc":{"start":{"line":3,"column":79},"end":{"line":9,"column":5}},"line":3}},"branchMap":{"0":{"loc":{"start":{"line":2,"column":2},"end":{"line":10,"column":3}},"type":"if","locations":[{"start":{"line":2,"column":2},"end":{"line":10,"column":3}},{"start":{},"end":{}}],"line":2},"1":{"loc":{"start":{"line":2,"column":6},"end":{"line":2,"column":52}},"type":"binary-expr","locations":[{"start":{"line":2,"column":6},"end":{"line":2,"column":17}},{"start":{"line":2,"column":21},"end":{"line":2,"column":52}}],"line":2}},"s":{"0":0,"1":0,"2":0,"3":0,"4":0,"5":0,"6":0,"7":0},"f":{"0":0,"1":0},"b":{"0":[0,0],"1":[0,0]}}
,"C:\\Users\\massi\\OneDrive\\Desktop\\Personal\\University\\IU\\1st year\\1st semester\\PROJECT SOFTWARE ENGINEERING\\Project code\\trackgoals-frontend\\src\\components\\Dashboard\\Dashboard.js": {"path":"C:\\Users\\massi\\OneDrive\\Desktop\\Personal\\University\\IU\\1st year\\1st semester\\PROJECT SOFTWARE ENGINEERING\\Project code\\trackgoals-frontend\\src\\components\\Dashboard\\Dashboard.js","statementMap":{"0":{"start":{"line":16,"column":18},"end":{"line":151,"column":1}},"1":{"start":{"line":18,"column":26},"end":{"line":18,"column":40}},"2":{"start":{"line":19,"column":32},"end":{"line":19,"column":46}},"3":{"start":{"line":20,"column":28},"end":{"line":20,"column":43}},"4":{"start":{"line":23,"column":36},"end":{"line":23,"column":92}},"5":{"start":{"line":24,"column":32},"end":{"line":24,"column":52}},"6":{"start":{"line":27,"column":16},"end":{"line":27,"column":45}},"7":{"start":{"line":30,"column":2},"end":{"line":54,"column":34}},"8":{"start":{"line":31,"column":27},"end":{"line":49,"column":5}},"9":{"start":{"line":32,"column":6},"end":{"line":32,"column":23}},"10":{"start":{"line":33,"column":6},"end":{"line":48,"column":7}},"11":{"start":{"line":35,"column":25},"end":{"line":41,"column":10}},"12":{"start":{"line":42,"column":8},"end":{"line":42,"column":31}},"13":{"start":{"line":44,"column":8},"end":{"line":44,"column":54}},"14":{"start":{"line":45,"column":8},"end":{"line":45,"column":23}},"15":{"start":{"line":47,"column":8},"end":{"line":47,"column":26}},"16":{"start":{"line":51,"column":4},"end":{"line":53,"column":5}},"17":{"start":{"line":52,"column":6},"end":{"line":52,"column":23}},"18":{"start":{"line":57,"column":2},"end":{"line":57,"column":50}},"19":{"start":{"line":57,"column":15},"end":{"line":57,"column":50}},"20":{"start":{"line":58,"column":2},"end":{"line":58,"column":85}},"21":{"start":{"line":58,"column":22},"end":{"line":58,"column":85}},"22":{"start":{"line":60,"column":2},"end":{"line":150,"column":4}},"23":{"start":{"line":71,"column":34},"end":{"line":71,"column":52}},"24":{"start":{"line":84,"column":34},"end":{"line":84,"column":50}},"25":{"start":{"line":135,"column":10},"end":{"line":146,"column":16}}},"fnMap":{"0":{"name":"(anonymous_0)","decl":{"start":{"line":16,"column":18},"end":{"line":16,"column":19}},"loc":{"start":{"line":16,"column":24},"end":{"line":151,"column":1}},"line":16},"1":{"name":"(anonymous_1)","decl":{"start":{"line":30,"column":12},"end":{"line":30,"column":13}},"loc":{"start":{"line":30,"column":18},"end":{"line":54,"column":3}},"line":30},"2":{"name":"(anonymous_2)","decl":{"start":{"line":31,"column":27},"end":{"line":31,"column":28}},"loc":{"start":{"line":31,"column":39},"end":{"line":49,"column":5}},"line":31},"3":{"name":"(anonymous_3)","decl":{"start":{"line":71,"column":24},"end":{"line":71,"column":25}},"loc":{"start":{"line":71,"column":34},"end":{"line":71,"column":52}},"line":71},"4":{"name":"(anonymous_4)","decl":{"start":{"line":84,"column":24},"end":{"line":84,"column":25}},"loc":{"start":{"line":84,"column":34},"end":{"line":84,"column":50}},"line":84},"5":{"name":"(anonymous_5)","decl":{"start":{"line":134,"column":32},"end":{"line":134,"column":33}},"loc":{"start":{"line":135,"column":10},"end":{"line":146,"column":16}},"line":135}},"branchMap":{"0":{"loc":{"start":{"line":51,"column":4},"end":{"line":53,"column":5}},"type":"if","locations":[{"start":{"line":51,"column":4},"end":{"line":53,"column":5}},{"start":{},"end":{}}],"line":51},"1":{"loc":{"start":{"line":57,"column":2},"end":{"line":57,"column":50}},"type":"if","locations":[{"start":{"line":57,"column":2},"end":{"line":57,"column":50}},{"start":{},"end":{}}],"line":57},"2":{"loc":{"start":{"line":58,"column":2},"end":{"line":58,"column":85}},"type":"if","locations":[{"start":{"line":58,"column":2},"end":{"line":58,"column":85}},{"start":{},"end":{}}],"line":58},"3":{"loc":{"start":{"line":58,"column":6},"end":{"line":58,"column":20}},"type":"binary-expr","locations":[{"start":{"line":58,"column":6},"end":{"line":58,"column":11}},{"start":{"line":58,"column":15},"end":{"line":58,"column":20}}],"line":58}},"s":{"0":1,"1":4,"2":4,"3":4,"4":4,"5":4,"6":4,"7":4,"8":2,"9":2,"10":2,"11":2,"12":1,"13":1,"14":1,"15":2,"16":2,"17":2,"18":4,"19":2,"20":2,"21":1,"22":1,"23":0,"24":0,"25":2},"f":{"0":4,"1":2,"2":2,"3":0,"4":0,"5":2},"b":{"0":[2,0],"1":[2,2],"2":[1,1],"3":[2,1]},"_coverageSchema":"1a1c01bbd47fc00a2c39e90264f33305004495a9","hash":"6ca3c602704f45d369785e4b88fa3df8edfaf920"}
,"C:\\Users\\massi\\OneDrive\\Desktop\\Personal\\University\\IU\\1st year\\1st semester\\PROJECT SOFTWARE ENGINEERING\\Project code\\trackgoals-frontend\\src\\components\\Goals\\GoalsPage.js": {"path":"C:\\Users\\massi\\OneDrive\\Desktop\\Personal\\University\\IU\\1st year\\1st semester\\PROJECT SOFTWARE ENGINEERING\\Project code\\trackgoals-frontend\\src\\components\\Goals\\GoalsPage.js","statementMap":{"0":{"start":{"line":7,"column":28},"end":{"line":7,"column":40}},"1":{"start":{"line":8,"column":26},"end":{"line":13,"column":4}},"2":{"start":{"line":14,"column":30},"end":{"line":14,"column":44}},"3":{"start":{"line":15,"column":28},"end":{"line":15,"column":40}},"4":{"start":{"line":18,"column":16},"end":{"line":18,"column":45}},"5":{"start":{"line":21,"column":18},"end":{"line":23,"column":3}},"6":{"start":{"line":26,"column":2},"end":{"line":28,"column":9}},"7":{"start":{"line":27,"column":4},"end":{"line":27,"column":17}},"8":{"start":{"line":31,"column":21},"end":{"line":38,"column":3}},"9":{"start":{"line":32,"column":4},"end":{"line":37,"column":5}},"10":{"start":{"line":33,"column":18},"end":{"line":33,"column":77}},"11":{"start":{"line":34,"column":6},"end":{"line":34,"column":25}},"12":{"start":{"line":36,"column":6},"end":{"line":36,"column":80}},"13":{"start":{"line":41,"column":23},"end":{"line":72,"column":3}},"14":{"start":{"line":42,"column":4},"end":{"line":42,"column":23}},"15":{"start":{"line":43,"column":4},"end":{"line":43,"column":17}},"16":{"start":{"line":45,"column":42},"end":{"line":45,"column":46}},"17":{"start":{"line":48,"column":4},"end":{"line":51,"column":5}},"18":{"start":{"line":49,"column":6},"end":{"line":49,"column":64}},"19":{"start":{"line":50,"column":6},"end":{"line":50,"column":13}},"20":{"start":{"line":53,"column":4},"end":{"line":71,"column":5}},"21":{"start":{"line":54,"column":6},"end":{"line":64,"column":7}},"22":{"start":{"line":56,"column":8},"end":{"line":60,"column":10}},"23":{"start":{"line":63,"column":8},"end":{"line":63,"column":75}},"24":{"start":{"line":66,"column":6},"end":{"line":66,"column":74}},"25":{"start":{"line":67,"column":6},"end":{"line":67,"column":22}},"26":{"start":{"line":68,"column":6},"end":{"line":68,"column":19}},"27":{"start":{"line":70,"column":6},"end":{"line":70,"column":77}},"28":{"start":{"line":75,"column":21},"end":{"line":83,"column":3}},"29":{"start":{"line":76,"column":4},"end":{"line":81,"column":7}},"30":{"start":{"line":82,"column":4},"end":{"line":82,"column":24}},"31":{"start":{"line":86,"column":23},"end":{"line":95,"column":3}},"32":{"start":{"line":87,"column":4},"end":{"line":87,"column":78}},"33":{"start":{"line":87,"column":71},"end":{"line":87,"column":78}},"34":{"start":{"line":89,"column":4},"end":{"line":94,"column":5}},"35":{"start":{"line":90,"column":6},"end":{"line":90,"column":75}},"36":{"start":{"line":91,"column":6},"end":{"line":91,"column":19}},"37":{"start":{"line":93,"column":6},"end":{"line":93,"column":79}},"38":{"start":{"line":98,"column":25},"end":{"line":112,"column":3}},"39":{"start":{"line":99,"column":4},"end":{"line":111,"column":5}},"40":{"start":{"line":100,"column":6},"end":{"line":104,"column":8}},"41":{"start":{"line":105,"column":6},"end":{"line":105,"column":19}},"42":{"start":{"line":107,"column":6},"end":{"line":110,"column":8}},"43":{"start":{"line":115,"column":23},"end":{"line":119,"column":3}},"44":{"start":{"line":116,"column":4},"end":{"line":116,"column":72}},"45":{"start":{"line":117,"column":4},"end":{"line":117,"column":20}},"46":{"start":{"line":118,"column":4},"end":{"line":118,"column":17}},"47":{"start":{"line":122,"column":16},"end":{"line":122,"column":26}},"48":{"start":{"line":123,"column":2},"end":{"line":123,"column":29}},"49":{"start":{"line":124,"column":22},"end":{"line":126,"column":3}},"50":{"start":{"line":125,"column":11},"end":{"line":125,"column":55}},"51":{"start":{"line":127,"column":23},"end":{"line":129,"column":3}},"52":{"start":{"line":128,"column":11},"end":{"line":128,"column":54}},"53":{"start":{"line":130,"column":25},"end":{"line":130,"column":57}},"54":{"start":{"line":130,"column":45},"end":{"line":130,"column":56}},"55":{"start":{"line":133,"column":2},"end":{"line":196,"column":4}},"56":{"start":{"line":145,"column":27},"end":{"line":145,"column":70}},"57":{"start":{"line":151,"column":27},"end":{"line":151,"column":76}},"58":{"start":{"line":157,"column":27},"end":{"line":157,"column":74}},"59":{"start":{"line":163,"column":27},"end":{"line":163,"column":72}},"60":{"start":{"line":207,"column":2},"end":{"line":207,"column":68}},"61":{"start":{"line":207,"column":26},"end":{"line":207,"column":68}},"62":{"start":{"line":209,"column":2},"end":{"line":253,"column":4}},"63":{"start":{"line":212,"column":8},"end":{"line":250,"column":13}},"64":{"start":{"line":232,"column":31},"end":{"line":232,"column":51}},"65":{"start":{"line":238,"column":31},"end":{"line":238,"column":43}},"66":{"start":{"line":244,"column":31},"end":{"line":244,"column":49}}},"fnMap":{"0":{"name":"GoalsPage","decl":{"start":{"line":5,"column":9},"end":{"line":5,"column":18}},"loc":{"start":{"line":5,"column":21},"end":{"line":197,"column":1}},"line":5},"1":{"name":"(anonymous_1)","decl":{"start":{"line":26,"column":12},"end":{"line":26,"column":13}},"loc":{"start":{"line":26,"column":18},"end":{"line":28,"column":3}},"line":26},"2":{"name":"(anonymous_2)","decl":{"start":{"line":31,"column":21},"end":{"line":31,"column":22}},"loc":{"start":{"line":31,"column":33},"end":{"line":38,"column":3}},"line":31},"3":{"name":"(anonymous_3)","decl":{"start":{"line":41,"column":23},"end":{"line":41,"column":24}},"loc":{"start":{"line":41,"column":36},"end":{"line":72,"column":3}},"line":41},"4":{"name":"(anonymous_4)","decl":{"start":{"line":75,"column":21},"end":{"line":75,"column":22}},"loc":{"start":{"line":75,"column":31},"end":{"line":83,"column":3}},"line":75},"5":{"name":"(anonymous_5)","decl":{"start":{"line":86,"column":23},"end":{"line":86,"column":24}},"loc":{"start":{"line":86,"column":37},"end":{"line":95,"column":3}},"line":86},"6":{"name":"(anonymous_6)","decl":{"start":{"line":98,"column":25},"end":{"line":98,"column":26}},"loc":{"start":{"line":98,"column":39},"end":{"line":112,"column":3}},"line":98},"7":{"name":"(anonymous_7)","decl":{"start":{"line":115,"column":23},"end":{"line":115,"column":24}},"loc":{"start":{"line":115,"column":29},"end":{"line":119,"column":3}},"line":115},"8":{"name":"(anonymous_8)","decl":{"start":{"line":125,"column":4},"end":{"line":125,"column":5}},"loc":{"start":{"line":125,"column":11},"end":{"line":125,"column":55}},"line":125},"9":{"name":"(anonymous_9)","decl":{"start":{"line":128,"column":4},"end":{"line":128,"column":5}},"loc":{"start":{"line":128,"column":11},"end":{"line":128,"column":54}},"line":128},"10":{"name":"(anonymous_10)","decl":{"start":{"line":130,"column":38},"end":{"line":130,"column":39}},"loc":{"start":{"line":130,"column":45},"end":{"line":130,"column":56}},"line":130},"11":{"name":"(anonymous_11)","decl":{"start":{"line":145,"column":20},"end":{"line":145,"column":21}},"loc":{"start":{"line":145,"column":27},"end":{"line":145,"column":70}},"line":145},"12":{"name":"(anonymous_12)","decl":{"start":{"line":151,"column":20},"end":{"line":151,"column":21}},"loc":{"start":{"line":151,"column":27},"end":{"line":151,"column":76}},"line":151},"13":{"name":"(anonymous_13)","decl":{"start":{"line":157,"column":20},"end":{"line":157,"column":21}},"loc":{"start":{"line":157,"column":27},"end":{"line":157,"column":74}},"line":157},"14":{"name":"(anonymous_14)","decl":{"start":{"line":163,"column":20},"end":{"line":163,"column":21}},"loc":{"start":{"line":163,"column":27},"end":{"line":163,"column":72}},"line":163},"15":{"name":"GoalList","decl":{"start":{"line":200,"column":9},"end":{"line":200,"column":17}},"loc":{"start":{"line":206,"column":3},"end":{"line":254,"column":1}},"line":206},"16":{"name":"(anonymous_16)","decl":{"start":{"line":211,"column":17},"end":{"line":211,"column":18}},"loc":{"start":{"line":212,"column":8},"end":{"line":250,"column":13}},"line":212},"17":{"name":"(anonymous_17)","decl":{"start":{"line":232,"column":25},"end":{"line":232,"column":26}},"loc":{"start":{"line":232,"column":31},"end":{"line":232,"column":51}},"line":232},"18":{"name":"(anonymous_18)","decl":{"start":{"line":238,"column":25},"end":{"line":238,"column":26}},"loc":{"start":{"line":238,"column":31},"end":{"line":238,"column":43}},"line":238},"19":{"name":"(anonymous_19)","decl":{"start":{"line":244,"column":25},"end":{"line":244,"column":26}},"loc":{"start":{"line":244,"column":31},"end":{"line":244,"column":49}},"line":244}},"branchMap":{"0":{"loc":{"start":{"line":36,"column":45},"end":{"line":36,"column":78}},"type":"binary-expr","locations":[{"start":{"line":36,"column":45},"end":{"line":36,"column":63}},{"start":{"line":36,"column":67},"end":{"line":36,"column":78}}],"line":36},"1":{"loc":{"start":{"line":48,"column":4},"end":{"line":51,"column":5}},"type":"if","locations":[{"start":{"line":48,"column":4},"end":{"line":51,"column":5}},{"start":{},"end":{}}],"line":48},"2":{"loc":{"start":{"line":48,"column":8},"end":{"line":48,"column":40}},"type":"binary-expr","locations":[{"start":{"line":48,"column":8},"end":{"line":48,"column":14}},{"start":{"line":48,"column":18},"end":{"line":48,"column":28}},{"start":{"line":48,"column":32},"end":{"line":48,"column":40}}],"line":48},"3":{"loc":{"start":{"line":54,"column":6},"end":{"line":64,"column":7}},"type":"if","locations":[{"start":{"line":54,"column":6},"end":{"line":64,"column":7}},{"start":{"line":61,"column":13},"end":{"line":64,"column":7}}],"line":54},"4":{"loc":{"start":{"line":70,"column":42},"end":{"line":70,"column":75}},"type":"binary-expr","locations":[{"start":{"line":70,"column":42},"end":{"line":70,"column":60}},{"start":{"line":70,"column":64},"end":{"line":70,"column":75}}],"line":70},"5":{"loc":{"start":{"line":87,"column":4},"end":{"line":87,"column":78}},"type":"if","locations":[{"start":{"line":87,"column":4},"end":{"line":87,"column":78}},{"start":{},"end":{}}],"line":87},"6":{"loc":{"start":{"line":93,"column":44},"end":{"line":93,"column":77}},"type":"binary-expr","locations":[{"start":{"line":93,"column":44},"end":{"line":93,"column":62}},{"start":{"line":93,"column":66},"end":{"line":93,"column":77}}],"line":93},"7":{"loc":{"start":{"line":109,"column":8},"end":{"line":109,"column":41}},"type":"binary-expr","locations":[{"start":{"line":109,"column":8},"end":{"line":109,"column":26}},{"start":{"line":109,"column":30},"end":{"line":109,"column":41}}],"line":109},"8":{"loc":{"start":{"line":125,"column":11},"end":{"line":125,"column":55}},"type":"binary-expr","locations":[{"start":{"line":125,"column":11},"end":{"line":125,"column":23}},{"start":{"line":125,"column":27},"end":{"line":125,"column":55}}],"line":125},"9":{"loc":{"start":{"line":128,"column":11},"end":{"line":128,"column":54}},"type":"binary-expr","locations":[{"start":{"line":128,"column":11},"end":{"line":128,"column":23}},{"start":{"line":128,"column":27},"end":{"line":128,"column":54}}],"line":128},"10":{"loc":{"start":{"line":135,"column":11},"end":{"line":135,"column":49}},"type":"cond-expr","locations":[{"start":{"line":135,"column":20},"end":{"line":135,"column":31}},{"start":{"line":135,"column":34},"end":{"line":135,"column":49}}],"line":135},"11":{"loc":{"start":{"line":137,"column":7},"end":{"line":137,"column":65}},"type":"binary-expr","locations":[{"start":{"line":137,"column":7},"end":{"line":137,"column":12}},{"start":{"line":137,"column":16},"end":{"line":137,"column":65}}],"line":137},"12":{"loc":{"start":{"line":167,"column":13},"end":{"line":167,"column":48}},"type":"cond-expr","locations":[{"start":{"line":167,"column":22},"end":{"line":167,"column":35}},{"start":{"line":167,"column":38},"end":{"line":167,"column":48}}],"line":167},"13":{"loc":{"start":{"line":169,"column":11},"end":{"line":177,"column":11}},"type":"binary-expr","locations":[{"start":{"line":169,"column":11},"end":{"line":169,"column":17}},{"start":{"line":170,"column":12},"end":{"line":176,"column":21}}],"line":169},"14":{"loc":{"start":{"line":205,"column":2},"end":{"line":205,"column":24}},"type":"default-arg","locations":[{"start":{"line":205,"column":19},"end":{"line":205,"column":24}}],"line":205},"15":{"loc":{"start":{"line":207,"column":2},"end":{"line":207,"column":68}},"type":"if","locations":[{"start":{"line":207,"column":2},"end":{"line":207,"column":68}},{"start":{},"end":{}}],"line":207},"16":{"loc":{"start":{"line":219,"column":13},"end":{"line":219,"column":66}},"type":"binary-expr","locations":[{"start":{"line":219,"column":13},"end":{"line":219,"column":29}},{"start":{"line":219,"column":33},"end":{"line":219,"column":66}}],"line":219},"17":{"loc":{"start":{"line":228,"column":11},"end":{"line":249,"column":11}},"type":"binary-expr","locations":[{"start":{"line":228,"column":11},"end":{"line":228,"column":26}},{"start":{"line":229,"column":12},"end":{"line":248,"column":18}}],"line":228}},"s":{"0":12,"1":12,"2":12,"3":12,"4":12,"5":12,"6":12,"7":5,"8":12,"9":7,"10":7,"11":7,"12":1,"13":12,"14":1,"15":1,"16":1,"17":1,"18":1,"19":1,"20":0,"21":0,"22":0,"23":0,"24":0,"25":0,"26":0,"27":0,"28":12,"29":1,"30":1,"31":12,"32":1,"33":0,"34":1,"35":1,"36":1,"37":0,"38":12,"39":1,"40":1,"41":1,"42":0,"43":12,"44":1,"45":1,"46":1,"47":12,"48":12,"49":12,"50":6,"51":12,"52":6,"53":12,"54":6,"55":12,"56":0,"57":0,"58":0,"59":0,"60":36,"61":30,"62":6,"63":6,"64":1,"65":1,"66":1},"f":{"0":12,"1":5,"2":7,"3":1,"4":1,"5":1,"6":1,"7":1,"8":6,"9":6,"10":6,"11":0,"12":0,"13":0,"14":0,"15":36,"16":6,"17":1,"18":1,"19":1},"b":{"0":[1,1],"1":[1,0],"2":[1,0,0],"3":[0,0],"4":[0,0],"5":[0,1],"6":[0,0],"7":[0,0],"8":[6,6],"9":[6,6],"10":[1,11],"11":[12,1],"12":[1,11],"13":[12,1],"14":[24],"15":[30,6],"16":[6,6],"17":[6,6]},"_coverageSchema":"1a1c01bbd47fc00a2c39e90264f33305004495a9","hash":"f744b9cddf26a83dab3b3222e2d85b9d00fd5f40"}
,"C:\\Users\\massi\\OneDrive\\Desktop\\Personal\\University\\IU\\1st year\\1st semester\\PROJECT SOFTWARE ENGINEERING\\Project code\\trackgoals-frontend\\src\\components\\Habits\\HabitForm.js": {"path":"C:\\Users\\massi\\OneDrive\\Desktop\\Personal\\University\\IU\\1st year\\1st semester\\PROJECT SOFTWARE ENGINEERING\\Project code\\trackgoals-frontend\\src\\components\\Habits\\HabitForm.js","statementMap":{"0":{"start":{"line":11,"column":18},"end":{"line":130,"column":1}},"1":{"start":{"line":12,"column":26},"end":{"line":12,"column":38}},"2":{"start":{"line":13,"column":36},"end":{"line":13,"column":53}},"3":{"start":{"line":14,"column":40},"end":{"line":14,"column":52}},"4":{"start":{"line":15,"column":32},"end":{"line":15,"column":47}},"5":{"start":{"line":16,"column":28},"end":{"line":16,"column":42}},"6":{"start":{"line":24,"column":23},"end":{"line":74,"column":3}},"7":{"start":{"line":25,"column":4},"end":{"line":25,"column":23}},"8":{"start":{"line":26,"column":4},"end":{"line":26,"column":21}},"9":{"start":{"line":27,"column":4},"end":{"line":27,"column":19}},"10":{"start":{"line":30,"column":4},"end":{"line":34,"column":5}},"11":{"start":{"line":31,"column":6},"end":{"line":31,"column":42}},"12":{"start":{"line":32,"column":6},"end":{"line":32,"column":24}},"13":{"start":{"line":33,"column":6},"end":{"line":33,"column":13}},"14":{"start":{"line":37,"column":18},"end":{"line":37,"column":47}},"15":{"start":{"line":40,"column":4},"end":{"line":45,"column":5}},"16":{"start":{"line":41,"column":8},"end":{"line":41,"column":71}},"17":{"start":{"line":42,"column":8},"end":{"line":42,"column":63}},"18":{"start":{"line":43,"column":8},"end":{"line":43,"column":26}},"19":{"start":{"line":44,"column":8},"end":{"line":44,"column":15}},"20":{"start":{"line":47,"column":4},"end":{"line":73,"column":5}},"21":{"start":{"line":49,"column":23},"end":{"line":55,"column":7}},"22":{"start":{"line":56,"column":6},"end":{"line":56,"column":64}},"23":{"start":{"line":59,"column":6},"end":{"line":59,"column":18}},"24":{"start":{"line":60,"column":6},"end":{"line":60,"column":28}},"25":{"start":{"line":61,"column":6},"end":{"line":61,"column":25}},"26":{"start":{"line":62,"column":6},"end":{"line":62,"column":23}},"27":{"start":{"line":64,"column":6},"end":{"line":64,"column":50}},"28":{"start":{"line":66,"column":6},"end":{"line":70,"column":7}},"29":{"start":{"line":67,"column":10},"end":{"line":67,"column":72}},"30":{"start":{"line":69,"column":10},"end":{"line":69,"column":61}},"31":{"start":{"line":72,"column":6},"end":{"line":72,"column":24}},"32":{"start":{"line":76,"column":2},"end":{"line":129,"column":4}},"33":{"start":{"line":87,"column":29},"end":{"line":87,"column":52}},"34":{"start":{"line":98,"column":29},"end":{"line":98,"column":59}},"35":{"start":{"line":106,"column":29},"end":{"line":106,"column":57}}},"fnMap":{"0":{"name":"(anonymous_0)","decl":{"start":{"line":11,"column":18},"end":{"line":11,"column":19}},"loc":{"start":{"line":11,"column":42},"end":{"line":130,"column":1}},"line":11},"1":{"name":"(anonymous_1)","decl":{"start":{"line":24,"column":23},"end":{"line":24,"column":24}},"loc":{"start":{"line":24,"column":36},"end":{"line":74,"column":3}},"line":24},"2":{"name":"(anonymous_2)","decl":{"start":{"line":87,"column":22},"end":{"line":87,"column":23}},"loc":{"start":{"line":87,"column":29},"end":{"line":87,"column":52}},"line":87},"3":{"name":"(anonymous_3)","decl":{"start":{"line":98,"column":22},"end":{"line":98,"column":23}},"loc":{"start":{"line":98,"column":29},"end":{"line":98,"column":59}},"line":98},"4":{"name":"(anonymous_4)","decl":{"start":{"line":106,"column":22},"end":{"line":106,"column":23}},"loc":{"start":{"line":106,"column":29},"end":{"line":106,"column":57}},"line":106}},"branchMap":{"0":{"loc":{"start":{"line":30,"column":4},"end":{"line":34,"column":5}},"type":"if","locations":[{"start":{"line":30,"column":4},"end":{"line":34,"column":5}},{"start":{},"end":{}}],"line":30},"1":{"loc":{"start":{"line":40,"column":4},"end":{"line":45,"column":5}},"type":"if","locations":[{"start":{"line":40,"column":4},"end":{"line":45,"column":5}},{"start":{},"end":{}}],"line":40},"2":{"loc":{"start":{"line":66,"column":6},"end":{"line":70,"column":7}},"type":"if","locations":[{"start":{"line":66,"column":6},"end":{"line":70,"column":7}},{"start":{"line":68,"column":13},"end":{"line":70,"column":7}}],"line":66},"3":{"loc":{"start":{"line":66,"column":10},"end":{"line":66,"column":72}},"type":"binary-expr","locations":[{"start":{"line":66,"column":10},"end":{"line":66,"column":22}},{"start":{"line":66,"column":26},"end":{"line":66,"column":43}},{"start":{"line":66,"column":47},"end":{"line":66,"column":72}}],"line":66},"4":{"loc":{"start":{"line":122,"column":13},"end":{"line":122,"column":48}},"type":"cond-expr","locations":[{"start":{"line":122,"column":23},"end":{"line":122,"column":34}},{"start":{"line":122,"column":37},"end":{"line":122,"column":48}}],"line":122},"5":{"loc":{"start":{"line":127,"column":7},"end":{"line":127,"column":70}},"type":"binary-expr","locations":[{"start":{"line":127,"column":7},"end":{"line":127,"column":12}},{"start":{"line":127,"column":16},"end":{"line":127,"column":70}}],"line":127}},"s":{"0":1,"1":24,"2":24,"3":24,"4":24,"5":24,"6":24,"7":6,"8":6,"9":6,"10":6,"11":1,"12":1,"13":1,"14":5,"15":5,"16":1,"17":1,"18":1,"19":1,"20":4,"21":4,"22":2,"23":2,"24":2,"25":2,"26":2,"27":2,"28":2,"29":1,"30":1,"31":4,"32":24,"33":6,"34":1,"35":1},"f":{"0":24,"1":6,"2":6,"3":1,"4":1},"b":{"0":[1,5],"1":[1,4],"2":[1,1],"3":[2,1,1],"4":[4,20],"5":[24,4]},"_coverageSchema":"1a1c01bbd47fc00a2c39e90264f33305004495a9","hash":"de01994ca937eef93da7fe830615007774cd3f5b"}
,"C:\\Users\\massi\\OneDrive\\Desktop\\Personal\\University\\IU\\1st year\\1st semester\\PROJECT SOFTWARE ENGINEERING\\Project code\\trackgoals-frontend\\src\\components\\Habits\\HabitItem.js": {"path":"C:\\Users\\massi\\OneDrive\\Desktop\\Personal\\University\\IU\\1st year\\1st semester\\PROJECT SOFTWARE ENGINEERING\\Project code\\trackgoals-frontend\\src\\components\\Habits\\HabitItem.js","statementMap":{"0":{"start":{"line":9,"column":18},"end":{"line":105,"column":1}},"1":{"start":{"line":10,"column":16},"end":{"line":10,"column":45}},"2":{"start":{"line":16,"column":27},"end":{"line":28,"column":3}},"3":{"start":{"line":17,"column":4},"end":{"line":17,"column":81}},"4":{"start":{"line":17,"column":68},"end":{"line":17,"column":81}},"5":{"start":{"line":19,"column":18},"end":{"line":19,"column":28}},"6":{"start":{"line":20,"column":4},"end":{"line":27,"column":7}},"7":{"start":{"line":21,"column":19},"end":{"line":21,"column":39}},"8":{"start":{"line":22,"column":6},"end":{"line":26,"column":8}},"9":{"start":{"line":33,"column":23},"end":{"line":45,"column":3}},"10":{"start":{"line":34,"column":4},"end":{"line":44,"column":5}},"11":{"start":{"line":35,"column":6},"end":{"line":39,"column":8}},"12":{"start":{"line":40,"column":6},"end":{"line":40,"column":18}},"13":{"start":{"line":42,"column":6},"end":{"line":42,"column":58}},"14":{"start":{"line":43,"column":6},"end":{"line":43,"column":49}},"15":{"start":{"line":50,"column":22},"end":{"line":63,"column":3}},"16":{"start":{"line":51,"column":4},"end":{"line":53,"column":5}},"17":{"start":{"line":52,"column":6},"end":{"line":52,"column":13}},"18":{"start":{"line":54,"column":4},"end":{"line":62,"column":5}},"19":{"start":{"line":55,"column":6},"end":{"line":57,"column":9}},"20":{"start":{"line":58,"column":6},"end":{"line":58,"column":18}},"21":{"start":{"line":60,"column":6},"end":{"line":60,"column":50}},"22":{"start":{"line":61,"column":6},"end":{"line":61,"column":39}},"23":{"start":{"line":65,"column":2},"end":{"line":104,"column":4}}},"fnMap":{"0":{"name":"(anonymous_0)","decl":{"start":{"line":9,"column":18},"end":{"line":9,"column":19}},"loc":{"start":{"line":9,"column":44},"end":{"line":105,"column":1}},"line":9},"1":{"name":"(anonymous_1)","decl":{"start":{"line":16,"column":27},"end":{"line":16,"column":28}},"loc":{"start":{"line":16,"column":33},"end":{"line":28,"column":3}},"line":16},"2":{"name":"(anonymous_2)","decl":{"start":{"line":20,"column":37},"end":{"line":20,"column":38}},"loc":{"start":{"line":20,"column":51},"end":{"line":27,"column":5}},"line":20},"3":{"name":"(anonymous_3)","decl":{"start":{"line":33,"column":23},"end":{"line":33,"column":24}},"loc":{"start":{"line":33,"column":35},"end":{"line":45,"column":3}},"line":33},"4":{"name":"(anonymous_4)","decl":{"start":{"line":50,"column":22},"end":{"line":50,"column":23}},"loc":{"start":{"line":50,"column":34},"end":{"line":63,"column":3}},"line":50}},"branchMap":{"0":{"loc":{"start":{"line":17,"column":4},"end":{"line":17,"column":81}},"type":"if","locations":[{"start":{"line":17,"column":4},"end":{"line":17,"column":81}},{"start":{},"end":{}}],"line":17},"1":{"loc":{"start":{"line":17,"column":8},"end":{"line":17,"column":66}},"type":"binary-expr","locations":[{"start":{"line":17,"column":8},"end":{"line":17,"column":29}},{"start":{"line":17,"column":33},"end":{"line":17,"column":66}}],"line":17},"2":{"loc":{"start":{"line":23,"column":8},"end":{"line":25,"column":50}},"type":"binary-expr","locations":[{"start":{"line":23,"column":8},"end":{"line":23,"column":42}},{"start":{"line":24,"column":8},"end":{"line":24,"column":44}},{"start":{"line":25,"column":8},"end":{"line":25,"column":50}}],"line":23},"3":{"loc":{"start":{"line":51,"column":4},"end":{"line":53,"column":5}},"type":"if","locations":[{"start":{"line":51,"column":4},"end":{"line":53,"column":5}},{"start":{},"end":{}}],"line":51},"4":{"loc":{"start":{"line":70,"column":12},"end":{"line":70,"column":81}},"type":"cond-expr","locations":[{"start":{"line":70,"column":33},"end":{"line":70,"column":76}},{"start":{"line":70,"column":79},"end":{"line":70,"column":81}}],"line":70},"5":{"loc":{"start":{"line":76,"column":9},"end":{"line":78,"column":9}},"type":"binary-expr","locations":[{"start":{"line":76,"column":9},"end":{"line":76,"column":26}},{"start":{"line":77,"column":10},"end":{"line":77,"column":74}}],"line":76},"6":{"loc":{"start":{"line":88,"column":14},"end":{"line":88,"column":72}},"type":"cond-expr","locations":[{"start":{"line":88,"column":35},"end":{"line":88,"column":56}},{"start":{"line":88,"column":59},"end":{"line":88,"column":72}}],"line":88},"7":{"loc":{"start":{"line":92,"column":13},"end":{"line":92,"column":67}},"type":"cond-expr","locations":[{"start":{"line":92,"column":34},"end":{"line":92,"column":46}},{"start":{"line":92,"column":49},"end":{"line":92,"column":67}}],"line":92}},"s":{"0":2,"1":17,"2":17,"3":68,"4":52,"5":16,"6":16,"7":16,"8":16,"9":17,"10":3,"11":3,"12":2,"13":1,"14":1,"15":17,"16":4,"17":1,"18":3,"19":3,"20":2,"21":1,"22":1,"23":17},"f":{"0":17,"1":68,"2":16,"3":3,"4":4},"b":{"0":[52,16],"1":[68,68],"2":[16,16,16],"3":[1,3],"4":[4,13],"5":[17,16],"6":[4,13],"7":[4,13]},"_coverageSchema":"1a1c01bbd47fc00a2c39e90264f33305004495a9","hash":"73767a075e78ece33af5d875670a57b3d0563364"}
,"C:\\Users\\massi\\OneDrive\\Desktop\\Personal\\University\\IU\\1st year\\1st semester\\PROJECT SOFTWARE ENGINEERING\\Project code\\trackgoals-frontend\\src\\components\\Habits\\HabitList.js": {"path":"C:\\Users\\massi\\OneDrive\\Desktop\\Personal\\University\\IU\\1st year\\1st semester\\PROJECT SOFTWARE ENGINEERING\\Project code\\trackgoals-frontend\\src\\components\\Habits\\HabitList.js","statementMap":{"0":{"start":{"line":12,"column":25},"end":{"line":27,"column":1}},"1":{"start":{"line":14,"column":2},"end":{"line":14,"column":67}},"2":{"start":{"line":14,"column":54},"end":{"line":14,"column":67}},"3":{"start":{"line":16,"column":16},"end":{"line":16,"column":26}},"4":{"start":{"line":18,"column":2},"end":{"line":26,"column":5}},"5":{"start":{"line":19,"column":17},"end":{"line":19,"column":37}},"6":{"start":{"line":20,"column":4},"end":{"line":25,"column":6}},"7":{"start":{"line":35,"column":18},"end":{"line":131,"column":1}},"8":{"start":{"line":37,"column":30},"end":{"line":37,"column":42}},"9":{"start":{"line":38,"column":32},"end":{"line":38,"column":46}},"10":{"start":{"line":39,"column":28},"end":{"line":39,"column":42}},"11":{"start":{"line":45,"column":22},"end":{"line":70,"column":3}},"12":{"start":{"line":46,"column":4},"end":{"line":46,"column":21}},"13":{"start":{"line":47,"column":4},"end":{"line":47,"column":19}},"14":{"start":{"line":48,"column":18},"end":{"line":48,"column":47}},"15":{"start":{"line":51,"column":4},"end":{"line":56,"column":5}},"16":{"start":{"line":52,"column":6},"end":{"line":52,"column":69}},"17":{"start":{"line":53,"column":6},"end":{"line":53,"column":58}},"18":{"start":{"line":54,"column":6},"end":{"line":54,"column":24}},"19":{"start":{"line":55,"column":6},"end":{"line":55,"column":13}},"20":{"start":{"line":58,"column":4},"end":{"line":69,"column":5}},"21":{"start":{"line":60,"column":18},"end":{"line":62,"column":8}},"22":{"start":{"line":63,"column":6},"end":{"line":63,"column":26}},"23":{"start":{"line":65,"column":6},"end":{"line":65,"column":52}},"24":{"start":{"line":66,"column":6},"end":{"line":66,"column":59}},"25":{"start":{"line":68,"column":6},"end":{"line":68,"column":24}},"26":{"start":{"line":74,"column":2},"end":{"line":76,"column":17}},"27":{"start":{"line":75,"column":4},"end":{"line":75,"column":18}},"28":{"start":{"line":79,"column":2},"end":{"line":87,"column":3}},"29":{"start":{"line":80,"column":4},"end":{"line":86,"column":6}},"30":{"start":{"line":90,"column":2},"end":{"line":92,"column":3}},"31":{"start":{"line":91,"column":4},"end":{"line":91,"column":78}},"32":{"start":{"line":95,"column":27},"end":{"line":95,"column":82}},"33":{"start":{"line":95,"column":46},"end":{"line":95,"column":81}},"34":{"start":{"line":96,"column":26},"end":{"line":96,"column":80}},"35":{"start":{"line":96,"column":45},"end":{"line":96,"column":79}},"36":{"start":{"line":98,"column":2},"end":{"line":130,"column":4}},"37":{"start":{"line":108,"column":12},"end":{"line":110,"column":18}},"38":{"start":{"line":123,"column":12},"end":{"line":125,"column":18}}},"fnMap":{"0":{"name":"(anonymous_0)","decl":{"start":{"line":12,"column":25},"end":{"line":12,"column":26}},"loc":{"start":{"line":12,"column":45},"end":{"line":27,"column":1}},"line":12},"1":{"name":"(anonymous_1)","decl":{"start":{"line":18,"column":29},"end":{"line":18,"column":30}},"loc":{"start":{"line":18,"column":43},"end":{"line":26,"column":3}},"line":18},"2":{"name":"(anonymous_2)","decl":{"start":{"line":35,"column":18},"end":{"line":35,"column":19}},"loc":{"start":{"line":35,"column":36},"end":{"line":131,"column":1}},"line":35},"3":{"name":"(anonymous_3)","decl":{"start":{"line":45,"column":22},"end":{"line":45,"column":23}},"loc":{"start":{"line":45,"column":34},"end":{"line":70,"column":3}},"line":45},"4":{"name":"(anonymous_4)","decl":{"start":{"line":74,"column":12},"end":{"line":74,"column":13}},"loc":{"start":{"line":74,"column":18},"end":{"line":76,"column":3}},"line":74},"5":{"name":"(anonymous_5)","decl":{"start":{"line":95,"column":41},"end":{"line":95,"column":42}},"loc":{"start":{"line":95,"column":46},"end":{"line":95,"column":81}},"line":95},"6":{"name":"(anonymous_6)","decl":{"start":{"line":96,"column":40},"end":{"line":96,"column":41}},"loc":{"start":{"line":96,"column":45},"end":{"line":96,"column":79}},"line":96},"7":{"name":"(anonymous_7)","decl":{"start":{"line":107,"column":32},"end":{"line":107,"column":33}},"loc":{"start":{"line":108,"column":12},"end":{"line":110,"column":18}},"line":108},"8":{"name":"(anonymous_8)","decl":{"start":{"line":122,"column":31},"end":{"line":122,"column":32}},"loc":{"start":{"line":123,"column":12},"end":{"line":125,"column":18}},"line":123}},"branchMap":{"0":{"loc":{"start":{"line":14,"column":2},"end":{"line":14,"column":67}},"type":"if","locations":[{"start":{"line":14,"column":2},"end":{"line":14,"column":67}},{"start":{},"end":{}}],"line":14},"1":{"loc":{"start":{"line":14,"column":6},"end":{"line":14,"column":52}},"type":"binary-expr","locations":[{"start":{"line":14,"column":6},"end":{"line":14,"column":21}},{"start":{"line":14,"column":25},"end":{"line":14,"column":52}}],"line":14},"2":{"loc":{"start":{"line":22,"column":6},"end":{"line":24,"column":48}},"type":"binary-expr","locations":[{"start":{"line":22,"column":6},"end":{"line":22,"column":40}},{"start":{"line":23,"column":6},"end":{"line":23,"column":42}},{"start":{"line":24,"column":6},"end":{"line":24,"column":48}}],"line":22},"3":{"loc":{"start":{"line":51,"column":4},"end":{"line":56,"column":5}},"type":"if","locations":[{"start":{"line":51,"column":4},"end":{"line":56,"column":5}},{"start":{},"end":{}}],"line":51},"4":{"loc":{"start":{"line":79,"column":2},"end":{"line":87,"column":3}},"type":"if","locations":[{"start":{"line":79,"column":2},"end":{"line":87,"column":3}},{"start":{},"end":{}}],"line":79},"5":{"loc":{"start":{"line":90,"column":2},"end":{"line":92,"column":3}},"type":"if","locations":[{"start":{"line":90,"column":2},"end":{"line":92,"column":3}},{"start":{},"end":{}}],"line":90},"6":{"loc":{"start":{"line":101,"column":7},"end":{"line":113,"column":7}},"type":"cond-expr","locations":[{"start":{"line":102,"column":8},"end":{"line":104,"column":14}},{"start":{"line":106,"column":8},"end":{"line":112,"column":14}}],"line":101},"7":{"loc":{"start":{"line":116,"column":7},"end":{"line":128,"column":7}},"type":"cond-expr","locations":[{"start":{"line":117,"column":8},"end":{"line":119,"column":14}},{"start":{"line":121,"column":8},"end":{"line":127,"column":14}}],"line":116}},"s":{"0":1,"1":12,"2":6,"3":6,"4":6,"5":6,"6":6,"7":1,"8":13,"9":13,"10":13,"11":13,"12":7,"13":7,"14":7,"15":7,"16":1,"17":1,"18":1,"19":1,"20":6,"21":6,"22":5,"23":1,"24":1,"25":6,"26":13,"27":7,"28":13,"29":7,"30":6,"31":2,"32":4,"33":6,"34":4,"35":6,"36":4,"37":3,"38":3},"f":{"0":12,"1":6,"2":13,"3":7,"4":7,"5":6,"6":6,"7":3,"8":3},"b":{"0":[6,6],"1":[12,12],"2":[6,6,6],"3":[1,6],"4":[7,6],"5":[2,4],"6":[2,2],"7":[2,2]},"_coverageSchema":"1a1c01bbd47fc00a2c39e90264f33305004495a9","hash":"303dfba733a4c09a6162335aa86addfe09021e3c"}
,"C:\\Users\\massi\\OneDrive\\Desktop\\Personal\\University\\IU\\1st year\\1st semester\\PROJECT SOFTWARE ENGINEERING\\Project code\\trackgoals-frontend\\src\\components\\Habits\\HabitPage.js": {"path":"C:\\Users\\massi\\OneDrive\\Desktop\\Personal\\University\\IU\\1st year\\1st semester\\PROJECT SOFTWARE ENGINEERING\\Project code\\trackgoals-frontend\\src\\components\\Habits\\HabitPage.js","statementMap":{"0":{"start":{"line":6,"column":32},"end":{"line":6,"column":47}},"1":{"start":{"line":8,"column":22},"end":{"line":8,"column":49}},"2":{"start":{"line":8,"column":28},"end":{"line":8,"column":49}},"3":{"start":{"line":8,"column":46},"end":{"line":8,"column":48}},"4":{"start":{"line":10,"column":2},"end":{"line":23,"column":4}}},"fnMap":{"0":{"name":"HabitPage","decl":{"start":{"line":5,"column":9},"end":{"line":5,"column":18}},"loc":{"start":{"line":5,"column":21},"end":{"line":24,"column":1}},"line":5},"1":{"name":"(anonymous_1)","decl":{"start":{"line":8,"column":22},"end":{"line":8,"column":23}},"loc":{"start":{"line":8,"column":28},"end":{"line":8,"column":49}},"line":8},"2":{"name":"(anonymous_2)","decl":{"start":{"line":8,"column":39},"end":{"line":8,"column":40}},"loc":{"start":{"line":8,"column":46},"end":{"line":8,"column":48}},"line":8}},"branchMap":{},"s":{"0":5,"1":5,"2":2,"3":2,"4":5},"f":{"0":5,"1":2,"2":2},"b":{},"_coverageSchema":"1a1c01bbd47fc00a2c39e90264f33305004495a9","hash":"13842ce0519da0d589c853e6877515098a9eefd3"}
,"C:\\Users\\massi\\OneDrive\\Desktop\\Personal\\University\\IU\\1st year\\1st semester\\PROJECT SOFTWARE ENGINEERING\\Project code\\trackgoals-frontend\\src\\components\\Login\\Login.js": {"path":"C:\\Users\\massi\\OneDrive\\Desktop\\Personal\\University\\IU\\1st year\\1st semester\\PROJECT SOFTWARE ENGINEERING\\Project code\\trackgoals-frontend\\src\\components\\Login\\Login.js","statementMap":{"0":{"start":{"line":11,"column":28},"end":{"line":11,"column":40}},"1":{"start":{"line":12,"column":34},"end":{"line":12,"column":46}},"2":{"start":{"line":13,"column":32},"end":{"line":13,"column":44}},"3":{"start":{"line":14,"column":32},"end":{"line":14,"column":47}},"4":{"start":{"line":16,"column":19},"end":{"line":16,"column":32}},"5":{"start":{"line":20,"column":2},"end":{"line":25,"column":17}},"6":{"start":{"line":21,"column":18},"end":{"line":21,"column":47}},"7":{"start":{"line":22,"column":4},"end":{"line":24,"column":5}},"8":{"start":{"line":23,"column":6},"end":{"line":23,"column":26}},"9":{"start":{"line":34,"column":23},"end":{"line":65,"column":3}},"10":{"start":{"line":35,"column":4},"end":{"line":35,"column":23}},"11":{"start":{"line":38,"column":4},"end":{"line":41,"column":5}},"12":{"start":{"line":39,"column":6},"end":{"line":39,"column":60}},"13":{"start":{"line":40,"column":6},"end":{"line":40,"column":13}},"14":{"start":{"line":43,"column":4},"end":{"line":43,"column":21}},"15":{"start":{"line":45,"column":4},"end":{"line":64,"column":5}},"16":{"start":{"line":47,"column":23},"end":{"line":50,"column":8}},"17":{"start":{"line":51,"column":24},"end":{"line":51,"column":37}},"18":{"start":{"line":52,"column":6},"end":{"line":52,"column":43}},"19":{"start":{"line":54,"column":6},"end":{"line":54,"column":38}},"20":{"start":{"line":55,"column":6},"end":{"line":55,"column":26}},"21":{"start":{"line":57,"column":6},"end":{"line":61,"column":7}},"22":{"start":{"line":58,"column":8},"end":{"line":58,"column":48}},"23":{"start":{"line":60,"column":8},"end":{"line":60,"column":54}},"24":{"start":{"line":63,"column":6},"end":{"line":63,"column":24}},"25":{"start":{"line":67,"column":2},"end":{"line":127,"column":4}},"26":{"start":{"line":82,"column":31},"end":{"line":82,"column":55}},"27":{"start":{"line":92,"column":31},"end":{"line":92,"column":58}}},"fnMap":{"0":{"name":"Login","decl":{"start":{"line":9,"column":9},"end":{"line":9,"column":14}},"loc":{"start":{"line":9,"column":17},"end":{"line":128,"column":1}},"line":9},"1":{"name":"(anonymous_1)","decl":{"start":{"line":20,"column":12},"end":{"line":20,"column":13}},"loc":{"start":{"line":20,"column":18},"end":{"line":25,"column":3}},"line":20},"2":{"name":"(anonymous_2)","decl":{"start":{"line":34,"column":23},"end":{"line":34,"column":24}},"loc":{"start":{"line":34,"column":36},"end":{"line":65,"column":3}},"line":34},"3":{"name":"(anonymous_3)","decl":{"start":{"line":82,"column":24},"end":{"line":82,"column":25}},"loc":{"start":{"line":82,"column":31},"end":{"line":82,"column":55}},"line":82},"4":{"name":"(anonymous_4)","decl":{"start":{"line":92,"column":24},"end":{"line":92,"column":25}},"loc":{"start":{"line":92,"column":31},"end":{"line":92,"column":58}},"line":92}},"branchMap":{"0":{"loc":{"start":{"line":22,"column":4},"end":{"line":24,"column":5}},"type":"if","locations":[{"start":{"line":22,"column":4},"end":{"line":24,"column":5}},{"start":{},"end":{}}],"line":22},"1":{"loc":{"start":{"line":38,"column":4},"end":{"line":41,"column":5}},"type":"if","locations":[{"start":{"line":38,"column":4},"end":{"line":41,"column":5}},{"start":{},"end":{}}],"line":38},"2":{"loc":{"start":{"line":57,"column":6},"end":{"line":61,"column":7}},"type":"if","locations":[{"start":{"line":57,"column":6},"end":{"line":61,"column":7}},{"start":{"line":59,"column":13},"end":{"line":61,"column":7}}],"line":57},"3":{"loc":{"start":{"line":102,"column":15},"end":{"line":102,"column":50}},"type":"cond-expr","locations":[{"start":{"line":102,"column":25},"end":{"line":102,"column":40}},{"start":{"line":102,"column":43},"end":{"line":102,"column":50}}],"line":102},"4":{"loc":{"start":{"line":105,"column":11},"end":{"line":115,"column":11}},"type":"binary-expr","locations":[{"start":{"line":105,"column":11},"end":{"line":105,"column":18}},{"start":{"line":106,"column":12},"end":{"line":114,"column":16}}],"line":105},"5":{"loc":{"start":{"line":108,"column":16},"end":{"line":110,"column":33}},"type":"cond-expr","locations":[{"start":{"line":109,"column":20},"end":{"line":109,"column":34}},{"start":{"line":110,"column":20},"end":{"line":110,"column":33}}],"line":108}},"s":{"0":16,"1":16,"2":16,"3":16,"4":16,"5":16,"6":16,"7":16,"8":1,"9":16,"10":4,"11":4,"12":2,"13":2,"14":2,"15":2,"16":2,"17":1,"18":1,"19":1,"20":1,"21":1,"22":1,"23":0,"24":2,"25":16,"26":2,"27":3},"f":{"0":16,"1":16,"2":4,"3":2,"4":3},"b":{"0":[1,15],"1":[2,2],"2":[1,0],"3":[2,14],"4":[16,4],"5":[1,3]},"_coverageSchema":"1a1c01bbd47fc00a2c39e90264f33305004495a9","hash":"f8d0defa8d0d10bda1bb34c7591e2b991744284a"}
,"C:\\Users\\massi\\OneDrive\\Desktop\\Personal\\University\\IU\\1st year\\1st semester\\PROJECT SOFTWARE ENGINEERING\\Project code\\trackgoals-frontend\\src\\components\\SignUp\\SignUp.js": {"path":"C:\\Users\\massi\\OneDrive\\Desktop\\Personal\\University\\IU\\1st year\\1st semester\\PROJECT SOFTWARE ENGINEERING\\Project code\\trackgoals-frontend\\src\\components\\SignUp\\SignUp.js","statementMap":{"0":{"start":{"line":5,"column":26},"end":{"line":5,"column":38}},"1":{"start":{"line":6,"column":28},"end":{"line":6,"column":40}},"2":{"start":{"line":7,"column":34},"end":{"line":7,"column":46}},"3":{"start":{"line":8,"column":32},"end":{"line":8,"column":44}},"4":{"start":{"line":10,"column":23},"end":{"line":23,"column":3}},"5":{"start":{"line":11,"column":4},"end":{"line":11,"column":23}},"6":{"start":{"line":12,"column":4},"end":{"line":22,"column":5}},"7":{"start":{"line":13,"column":23},"end":{"line":13,"column":102}},"8":{"start":{"line":14,"column":6},"end":{"line":14,"column":60}},"9":{"start":{"line":16,"column":6},"end":{"line":20,"column":7}},"10":{"start":{"line":17,"column":8},"end":{"line":17,"column":48}},"11":{"start":{"line":19,"column":8},"end":{"line":19,"column":58}},"12":{"start":{"line":21,"column":6},"end":{"line":21,"column":44}},"13":{"start":{"line":25,"column":2},"end":{"line":90,"column":4}},"14":{"start":{"line":41,"column":31},"end":{"line":41,"column":54}},"15":{"start":{"line":53,"column":31},"end":{"line":53,"column":55}},"16":{"start":{"line":66,"column":31},"end":{"line":66,"column":58}}},"fnMap":{"0":{"name":"SignUp","decl":{"start":{"line":4,"column":9},"end":{"line":4,"column":15}},"loc":{"start":{"line":4,"column":18},"end":{"line":91,"column":1}},"line":4},"1":{"name":"(anonymous_1)","decl":{"start":{"line":10,"column":23},"end":{"line":10,"column":24}},"loc":{"start":{"line":10,"column":36},"end":{"line":23,"column":3}},"line":10},"2":{"name":"(anonymous_2)","decl":{"start":{"line":41,"column":24},"end":{"line":41,"column":25}},"loc":{"start":{"line":41,"column":31},"end":{"line":41,"column":54}},"line":41},"3":{"name":"(anonymous_3)","decl":{"start":{"line":53,"column":24},"end":{"line":53,"column":25}},"loc":{"start":{"line":53,"column":31},"end":{"line":53,"column":55}},"line":53},"4":{"name":"(anonymous_4)","decl":{"start":{"line":66,"column":24},"end":{"line":66,"column":25}},"loc":{"start":{"line":66,"column":31},"end":{"line":66,"column":58}},"line":66}},"branchMap":{"0":{"loc":{"start":{"line":16,"column":6},"end":{"line":20,"column":7}},"type":"if","locations":[{"start":{"line":16,"column":6},"end":{"line":20,"column":7}},{"start":{"line":18,"column":13},"end":{"line":20,"column":7}}],"line":16},"1":{"loc":{"start":{"line":16,"column":10},"end":{"line":16,"column":78}},"type":"binary-expr","locations":[{"start":{"line":16,"column":10},"end":{"line":16,"column":24}},{"start":{"line":16,"column":28},"end":{"line":16,"column":47}},{"start":{"line":16,"column":51},"end":{"line":16,"column":78}}],"line":16},"2":{"loc":{"start":{"line":75,"column":11},"end":{"line":83,"column":11}},"type":"binary-expr","locations":[{"start":{"line":75,"column":11},"end":{"line":75,"column":18}},{"start":{"line":76,"column":12},"end":{"line":82,"column":16}}],"line":75},"3":{"loc":{"start":{"line":78,"column":16},"end":{"line":78,"column":90}},"type":"cond-expr","locations":[{"start":{"line":78,"column":60},"end":{"line":78,"column":74}},{"start":{"line":78,"column":77},"end":{"line":78,"column":90}}],"line":78}},"s":{"0":16,"1":16,"2":16,"3":16,"4":16,"5":3,"6":3,"7":3,"8":1,"9":2,"10":1,"11":1,"12":2,"13":16,"14":3,"15":3,"16":3},"f":{"0":16,"1":3,"2":3,"3":3,"4":3},"b":{"0":[1,1],"1":[2,1,1],"2":[16,3],"3":[1,2]},"_coverageSchema":"1a1c01bbd47fc00a2c39e90264f33305004495a9","hash":"c9c575972d480181f4644f775a0554001cee3bb3"}
,"C:\\Users\\massi\\OneDrive\\Desktop\\Personal\\University\\IU\\1st year\\1st semester\\PROJECT SOFTWARE ENGINEERING\\Project code\\trackgoals-frontend\\src\\components\\common\\Header.js": {"path":"C:\\Users\\massi\\OneDrive\\Desktop\\Personal\\University\\IU\\1st year\\1st semester\\PROJECT SOFTWARE ENGINEERING\\Project code\\trackgoals-frontend\\src\\components\\common\\Header.js","statementMap":{"0":{"start":{"line":4,"column":19},"end":{"line":4,"column":32}},"1":{"start":{"line":6,"column":23},"end":{"line":9,"column":3}},"2":{"start":{"line":7,"column":4},"end":{"line":7,"column":37}},"3":{"start":{"line":8,"column":4},"end":{"line":8,"column":18}},"4":{"start":{"line":11,"column":2},"end":{"line":34,"column":4}}},"fnMap":{"0":{"name":"Header","decl":{"start":{"line":3,"column":9},"end":{"line":3,"column":15}},"loc":{"start":{"line":3,"column":18},"end":{"line":35,"column":1}},"line":3},"1":{"name":"(anonymous_1)","decl":{"start":{"line":6,"column":23},"end":{"line":6,"column":24}},"loc":{"start":{"line":6,"column":29},"end":{"line":9,"column":3}},"line":6}},"branchMap":{},"s":{"0":0,"1":0,"2":0,"3":0,"4":0},"f":{"0":0,"1":0},"b":{}}
,"C:\\Users\\massi\\OneDrive\\Desktop\\Personal\\University\\IU\\1st year\\1st semester\\PROJECT SOFTWARE ENGINEERING\\Project code\\trackgoals-frontend\\src\\components\\common\\PrivateRoute.js": {"path":"C:\\Users\\massi\\OneDrive\\Desktop\\Personal\\University\\IU\\1st year\\1st semester\\PROJECT SOFTWARE ENGINEERING\\Project code\\trackgoals-frontend\\src\\components\\common\\PrivateRoute.js","statementMap":{"0":{"start":{"line":15,"column":16},"end":{"line":15,"column":45}},"1":{"start":{"line":17,"column":2},"end":{"line":20,"column":3}},"2":{"start":{"line":19,"column":4},"end":{"line":19,"column":31}},"3":{"start":{"line":23,"column":2},"end":{"line":23,"column":18}}},"fnMap":{"0":{"name":"PrivateRoute","decl":{"start":{"line":14,"column":9},"end":{"line":14,"column":21}},"loc":{"start":{"line":14,"column":36},"end":{"line":24,"column":1}},"line":14}},"branchMap":{"0":{"loc":{"start":{"line":17,"column":2},"end":{"line":20,"column":3}},"type":"if","locations":[{"start":{"line":17,"column":2},"end":{"line":20,"column":3}},{"start":{},"end":{}}],"line":17}},"s":{"0":0,"1":0,"2":0,"3":0},"f":{"0":0},"b":{"0":[0,0]}}
}
