{"C:\\Users\\massi\\OneDrive\\Desktop\\Personal\\University\\IU\\1st year\\1st semester\\PROJECT SOFTWARE ENGINEERING\\Project code\\trackgoals-frontend\\src\\App.js": {"path":"C:\\Users\\massi\\OneDrive\\Desktop\\Personal\\University\\IU\\1st year\\1st semester\\PROJECT SOFTWARE ENGINEERING\\Project code\\trackgoals-frontend\\src\\App.js","statementMap":{"0":{"start":{"line":14,"column":2},"end":{"line":40,"column":4}}},"fnMap":{"0":{"name":"App","decl":{"start":{"line":13,"column":9},"end":{"line":13,"column":12}},"loc":{"start":{"line":13,"column":15},"end":{"line":41,"column":1}},"line":13}},"branchMap":{},"s":{"0":0},"f":{"0":0},"b":{}}
,"C:\\Users\\massi\\OneDrive\\Desktop\\Personal\\University\\IU\\1st year\\1st semester\\PROJECT SOFTWARE ENGINEERING\\Project code\\trackgoals-frontend\\src\\components\\HabitPage.js": {"path":"C:\\Users\\massi\\OneDrive\\Desktop\\Personal\\University\\IU\\1st year\\1st semester\\PROJECT SOFTWARE ENGINEERING\\Project code\\trackgoals-frontend\\src\\components\\HabitPage.js","statementMap":{"0":{"start":{"line":6,"column":4},"end":{"line":8,"column":6}}},"fnMap":{"0":{"name":"HabitPage","decl":{"start":{"line":4,"column":9},"end":{"line":4,"column":18}},"loc":{"start":{"line":5,"column":3},"end":{"line":9,"column":1}},"line":5}},"branchMap":{},"s":{"0":0},"f":{"0":0},"b":{}}
,"C:\\Users\\massi\\OneDrive\\Desktop\\Personal\\University\\IU\\1st year\\1st semester\\PROJECT SOFTWARE ENGINEERING\\Project code\\trackgoals-frontend\\src\\components\\Login.js": {"path":"C:\\Users\\massi\\OneDrive\\Desktop\\Personal\\University\\IU\\1st year\\1st semester\\PROJECT SOFTWARE ENGINEERING\\Project code\\trackgoals-frontend\\src\\components\\Login.js","statementMap":{"0":{"start":{"line":11,"column":28},"end":{"line":11,"column":40}},"1":{"start":{"line":12,"column":34},"end":{"line":12,"column":46}},"2":{"start":{"line":13,"column":32},"end":{"line":13,"column":44}},"3":{"start":{"line":14,"column":32},"end":{"line":14,"column":47}},"4":{"start":{"line":16,"column":19},"end":{"line":16,"column":32}},"5":{"start":{"line":20,"column":2},"end":{"line":25,"column":17}},"6":{"start":{"line":21,"column":18},"end":{"line":21,"column":47}},"7":{"start":{"line":22,"column":4},"end":{"line":24,"column":5}},"8":{"start":{"line":23,"column":6},"end":{"line":23,"column":26}},"9":{"start":{"line":34,"column":23},"end":{"line":65,"column":3}},"10":{"start":{"line":35,"column":4},"end":{"line":35,"column":23}},"11":{"start":{"line":38,"column":4},"end":{"line":41,"column":5}},"12":{"start":{"line":39,"column":6},"end":{"line":39,"column":60}},"13":{"start":{"line":40,"column":6},"end":{"line":40,"column":13}},"14":{"start":{"line":43,"column":4},"end":{"line":43,"column":21}},"15":{"start":{"line":45,"column":4},"end":{"line":64,"column":5}},"16":{"start":{"line":47,"column":23},"end":{"line":50,"column":8}},"17":{"start":{"line":51,"column":24},"end":{"line":51,"column":37}},"18":{"start":{"line":52,"column":6},"end":{"line":52,"column":43}},"19":{"start":{"line":54,"column":6},"end":{"line":54,"column":38}},"20":{"start":{"line":55,"column":6},"end":{"line":55,"column":26}},"21":{"start":{"line":57,"column":6},"end":{"line":61,"column":7}},"22":{"start":{"line":58,"column":8},"end":{"line":58,"column":48}},"23":{"start":{"line":60,"column":8},"end":{"line":60,"column":54}},"24":{"start":{"line":63,"column":6},"end":{"line":63,"column":24}},"25":{"start":{"line":67,"column":2},"end":{"line":127,"column":4}},"26":{"start":{"line":82,"column":31},"end":{"line":82,"column":55}},"27":{"start":{"line":92,"column":31},"end":{"line":92,"column":58}}},"fnMap":{"0":{"name":"Login","decl":{"start":{"line":9,"column":9},"end":{"line":9,"column":14}},"loc":{"start":{"line":9,"column":17},"end":{"line":128,"column":1}},"line":9},"1":{"name":"(anonymous_1)","decl":{"start":{"line":20,"column":12},"end":{"line":20,"column":13}},"loc":{"start":{"line":20,"column":18},"end":{"line":25,"column":3}},"line":20},"2":{"name":"(anonymous_2)","decl":{"start":{"line":34,"column":23},"end":{"line":34,"column":24}},"loc":{"start":{"line":34,"column":36},"end":{"line":65,"column":3}},"line":34},"3":{"name":"(anonymous_3)","decl":{"start":{"line":82,"column":24},"end":{"line":82,"column":25}},"loc":{"start":{"line":82,"column":31},"end":{"line":82,"column":55}},"line":82},"4":{"name":"(anonymous_4)","decl":{"start":{"line":92,"column":24},"end":{"line":92,"column":25}},"loc":{"start":{"line":92,"column":31},"end":{"line":92,"column":58}},"line":92}},"branchMap":{"0":{"loc":{"start":{"line":22,"column":4},"end":{"line":24,"column":5}},"type":"if","locations":[{"start":{"line":22,"column":4},"end":{"line":24,"column":5}},{"start":{},"end":{}}],"line":22},"1":{"loc":{"start":{"line":38,"column":4},"end":{"line":41,"column":5}},"type":"if","locations":[{"start":{"line":38,"column":4},"end":{"line":41,"column":5}},{"start":{},"end":{}}],"line":38},"2":{"loc":{"start":{"line":57,"column":6},"end":{"line":61,"column":7}},"type":"if","locations":[{"start":{"line":57,"column":6},"end":{"line":61,"column":7}},{"start":{"line":59,"column":13},"end":{"line":61,"column":7}}],"line":57},"3":{"loc":{"start":{"line":102,"column":15},"end":{"line":102,"column":50}},"type":"cond-expr","locations":[{"start":{"line":102,"column":25},"end":{"line":102,"column":40}},{"start":{"line":102,"column":43},"end":{"line":102,"column":50}}],"line":102},"4":{"loc":{"start":{"line":105,"column":11},"end":{"line":115,"column":11}},"type":"binary-expr","locations":[{"start":{"line":105,"column":11},"end":{"line":105,"column":18}},{"start":{"line":106,"column":12},"end":{"line":114,"column":16}}],"line":105},"5":{"loc":{"start":{"line":108,"column":16},"end":{"line":110,"column":33}},"type":"cond-expr","locations":[{"start":{"line":109,"column":20},"end":{"line":109,"column":34}},{"start":{"line":110,"column":20},"end":{"line":110,"column":33}}],"line":108}},"s":{"0":16,"1":16,"2":16,"3":16,"4":16,"5":16,"6":16,"7":16,"8":1,"9":16,"10":4,"11":4,"12":2,"13":2,"14":2,"15":2,"16":2,"17":1,"18":1,"19":1,"20":1,"21":1,"22":1,"23":0,"24":2,"25":16,"26":2,"27":3},"f":{"0":16,"1":16,"2":4,"3":2,"4":3},"b":{"0":[1,15],"1":[2,2],"2":[1,0],"3":[2,14],"4":[16,4],"5":[1,3]},"_coverageSchema":"1a1c01bbd47fc00a2c39e90264f33305004495a9","hash":"a17d9b1752fcd832f84221790440172f3b573cb0"}
,"C:\\Users\\massi\\OneDrive\\Desktop\\Personal\\University\\IU\\1st year\\1st semester\\PROJECT SOFTWARE ENGINEERING\\Project code\\trackgoals-frontend\\src\\components\\SignUp.js": {"path":"C:\\Users\\massi\\OneDrive\\Desktop\\Personal\\University\\IU\\1st year\\1st semester\\PROJECT SOFTWARE ENGINEERING\\Project code\\trackgoals-frontend\\src\\components\\SignUp.js","statementMap":{"0":{"start":{"line":5,"column":26},"end":{"line":5,"column":38}},"1":{"start":{"line":6,"column":28},"end":{"line":6,"column":40}},"2":{"start":{"line":7,"column":34},"end":{"line":7,"column":46}},"3":{"start":{"line":8,"column":32},"end":{"line":8,"column":44}},"4":{"start":{"line":10,"column":23},"end":{"line":23,"column":3}},"5":{"start":{"line":11,"column":4},"end":{"line":11,"column":23}},"6":{"start":{"line":12,"column":4},"end":{"line":22,"column":5}},"7":{"start":{"line":13,"column":23},"end":{"line":13,"column":102}},"8":{"start":{"line":14,"column":6},"end":{"line":14,"column":60}},"9":{"start":{"line":16,"column":6},"end":{"line":20,"column":7}},"10":{"start":{"line":17,"column":8},"end":{"line":17,"column":48}},"11":{"start":{"line":19,"column":8},"end":{"line":19,"column":58}},"12":{"start":{"line":21,"column":6},"end":{"line":21,"column":44}},"13":{"start":{"line":25,"column":2},"end":{"line":90,"column":4}},"14":{"start":{"line":41,"column":31},"end":{"line":41,"column":54}},"15":{"start":{"line":53,"column":31},"end":{"line":53,"column":55}},"16":{"start":{"line":66,"column":31},"end":{"line":66,"column":58}}},"fnMap":{"0":{"name":"SignUp","decl":{"start":{"line":4,"column":9},"end":{"line":4,"column":15}},"loc":{"start":{"line":4,"column":18},"end":{"line":91,"column":1}},"line":4},"1":{"name":"(anonymous_1)","decl":{"start":{"line":10,"column":23},"end":{"line":10,"column":24}},"loc":{"start":{"line":10,"column":36},"end":{"line":23,"column":3}},"line":10},"2":{"name":"(anonymous_2)","decl":{"start":{"line":41,"column":24},"end":{"line":41,"column":25}},"loc":{"start":{"line":41,"column":31},"end":{"line":41,"column":54}},"line":41},"3":{"name":"(anonymous_3)","decl":{"start":{"line":53,"column":24},"end":{"line":53,"column":25}},"loc":{"start":{"line":53,"column":31},"end":{"line":53,"column":55}},"line":53},"4":{"name":"(anonymous_4)","decl":{"start":{"line":66,"column":24},"end":{"line":66,"column":25}},"loc":{"start":{"line":66,"column":31},"end":{"line":66,"column":58}},"line":66}},"branchMap":{"0":{"loc":{"start":{"line":16,"column":6},"end":{"line":20,"column":7}},"type":"if","locations":[{"start":{"line":16,"column":6},"end":{"line":20,"column":7}},{"start":{"line":18,"column":13},"end":{"line":20,"column":7}}],"line":16},"1":{"loc":{"start":{"line":16,"column":10},"end":{"line":16,"column":78}},"type":"binary-expr","locations":[{"start":{"line":16,"column":10},"end":{"line":16,"column":24}},{"start":{"line":16,"column":28},"end":{"line":16,"column":47}},{"start":{"line":16,"column":51},"end":{"line":16,"column":78}}],"line":16},"2":{"loc":{"start":{"line":75,"column":11},"end":{"line":83,"column":11}},"type":"binary-expr","locations":[{"start":{"line":75,"column":11},"end":{"line":75,"column":18}},{"start":{"line":76,"column":12},"end":{"line":82,"column":16}}],"line":75},"3":{"loc":{"start":{"line":78,"column":16},"end":{"line":78,"column":90}},"type":"cond-expr","locations":[{"start":{"line":78,"column":60},"end":{"line":78,"column":74}},{"start":{"line":78,"column":77},"end":{"line":78,"column":90}}],"line":78}},"s":{"0":16,"1":16,"2":16,"3":16,"4":16,"5":3,"6":3,"7":3,"8":1,"9":2,"10":1,"11":1,"12":2,"13":16,"14":3,"15":3,"16":3},"f":{"0":16,"1":3,"2":3,"3":3,"4":3},"b":{"0":[1,1],"1":[2,1,1],"2":[16,3],"3":[1,2]},"_coverageSchema":"1a1c01bbd47fc00a2c39e90264f33305004495a9","hash":"917c088815ed8105946ea3f2ad6010e869ae5cfd"}
,"C:\\Users\\massi\\OneDrive\\Desktop\\Personal\\University\\IU\\1st year\\1st semester\\PROJECT SOFTWARE ENGINEERING\\Project code\\trackgoals-frontend\\src\\components\\common\\Header.js": {"path":"C:\\Users\\massi\\OneDrive\\Desktop\\Personal\\University\\IU\\1st year\\1st semester\\PROJECT SOFTWARE ENGINEERING\\Project code\\trackgoals-frontend\\src\\components\\common\\Header.js","statementMap":{"0":{"start":{"line":4,"column":21},"end":{"line":4,"column":34}},"1":{"start":{"line":5,"column":25},"end":{"line":8,"column":5}},"2":{"start":{"line":6,"column":4},"end":{"line":6,"column":37}},"3":{"start":{"line":7,"column":4},"end":{"line":7,"column":23}},"4":{"start":{"line":9,"column":4},"end":{"line":15,"column":6}}},"fnMap":{"0":{"name":"Header","decl":{"start":{"line":3,"column":9},"end":{"line":3,"column":15}},"loc":{"start":{"line":3,"column":18},"end":{"line":16,"column":1}},"line":3},"1":{"name":"(anonymous_1)","decl":{"start":{"line":5,"column":25},"end":{"line":5,"column":26}},"loc":{"start":{"line":5,"column":37},"end":{"line":8,"column":5}},"line":5}},"branchMap":{},"s":{"0":0,"1":0,"2":0,"3":0,"4":0},"f":{"0":0,"1":0},"b":{}}
,"C:\\Users\\massi\\OneDrive\\Desktop\\Personal\\University\\IU\\1st year\\1st semester\\PROJECT SOFTWARE ENGINEERING\\Project code\\trackgoals-frontend\\src\\components\\common\\PrivateRoute.js": {"path":"C:\\Users\\massi\\OneDrive\\Desktop\\Personal\\University\\IU\\1st year\\1st semester\\PROJECT SOFTWARE ENGINEERING\\Project code\\trackgoals-frontend\\src\\components\\common\\PrivateRoute.js","statementMap":{"0":{"start":{"line":15,"column":16},"end":{"line":15,"column":45}},"1":{"start":{"line":17,"column":2},"end":{"line":20,"column":3}},"2":{"start":{"line":19,"column":4},"end":{"line":19,"column":36}},"3":{"start":{"line":23,"column":2},"end":{"line":23,"column":18}}},"fnMap":{"0":{"name":"PrivateRoute","decl":{"start":{"line":14,"column":9},"end":{"line":14,"column":21}},"loc":{"start":{"line":14,"column":36},"end":{"line":24,"column":1}},"line":14}},"branchMap":{"0":{"loc":{"start":{"line":17,"column":2},"end":{"line":20,"column":3}},"type":"if","locations":[{"start":{"line":17,"column":2},"end":{"line":20,"column":3}},{"start":{},"end":{}}],"line":17}},"s":{"0":0,"1":0,"2":0,"3":0},"f":{"0":0},"b":{"0":[0,0]}}
}
