TN:
SF:src\App.js
FN:17,App
FNF:1
FNH:0
FNDA:0,App
DA:18,0
LF:1
LH:0
BRF:0
BRH:0
end_of_record
TN:
SF:src\components\Dashboard\Dashboard.js
FN:16,(anonymous_0)
FN:30,(anonymous_1)
FN:31,(anonymous_2)
FN:71,(anonymous_3)
FN:84,(anonymous_4)
FN:134,(anonymous_5)
FNF:6
FNH:4
FNDA:4,(anonymous_0)
FNDA:2,(anonymous_1)
FNDA:2,(anonymous_2)
FNDA:0,(anonymous_3)
FNDA:0,(anonymous_4)
FNDA:2,(anonymous_5)
DA:16,1
DA:18,4
DA:19,4
DA:20,4
DA:23,4
DA:24,4
DA:27,4
DA:30,4
DA:31,2
DA:32,2
DA:33,2
DA:35,2
DA:42,1
DA:44,1
DA:45,1
DA:47,2
DA:51,2
DA:52,2
DA:57,4
DA:58,2
DA:60,1
DA:71,0
DA:84,0
DA:135,2
LF:24
LH:22
BRDA:51,0,0,2
BRDA:51,0,1,0
BRDA:57,1,0,2
BRDA:57,1,1,2
BRDA:58,2,0,1
BRDA:58,2,1,1
BRDA:58,3,0,2
BRDA:58,3,1,1
BRF:8
BRH:7
end_of_record
TN:
SF:src\components\Goals\GoalsPage.js
FN:5,GoalsPage
FN:26,(anonymous_1)
FN:31,(anonymous_2)
FN:41,(anonymous_3)
FN:75,(anonymous_4)
FN:86,(anonymous_5)
FN:98,(anonymous_6)
FN:115,(anonymous_7)
FN:125,(anonymous_8)
FN:128,(anonymous_9)
FN:130,(anonymous_10)
FN:145,(anonymous_11)
FN:151,(anonymous_12)
FN:157,(anonymous_13)
FN:163,(anonymous_14)
FN:200,GoalList
FN:211,(anonymous_16)
FN:232,(anonymous_17)
FN:238,(anonymous_18)
FN:244,(anonymous_19)
FNF:20
FNH:0
FNDA:0,GoalsPage
FNDA:0,(anonymous_1)
FNDA:0,(anonymous_2)
FNDA:0,(anonymous_3)
FNDA:0,(anonymous_4)
FNDA:0,(anonymous_5)
FNDA:0,(anonymous_6)
FNDA:0,(anonymous_7)
FNDA:0,(anonymous_8)
FNDA:0,(anonymous_9)
FNDA:0,(anonymous_10)
FNDA:0,(anonymous_11)
FNDA:0,(anonymous_12)
FNDA:0,(anonymous_13)
FNDA:0,(anonymous_14)
FNDA:0,GoalList
FNDA:0,(anonymous_16)
FNDA:0,(anonymous_17)
FNDA:0,(anonymous_18)
FNDA:0,(anonymous_19)
DA:7,0
DA:8,0
DA:14,0
DA:15,0
DA:18,0
DA:21,0
DA:26,0
DA:27,0
DA:31,0
DA:32,0
DA:33,0
DA:34,0
DA:36,0
DA:41,0
DA:42,0
DA:43,0
DA:45,0
DA:48,0
DA:49,0
DA:50,0
DA:53,0
DA:54,0
DA:56,0
DA:63,0
DA:66,0
DA:67,0
DA:68,0
DA:70,0
DA:75,0
DA:76,0
DA:82,0
DA:86,0
DA:87,0
DA:89,0
DA:90,0
DA:91,0
DA:93,0
DA:98,0
DA:99,0
DA:100,0
DA:105,0
DA:107,0
DA:115,0
DA:116,0
DA:117,0
DA:118,0
DA:122,0
DA:123,0
DA:124,0
DA:125,0
DA:127,0
DA:128,0
DA:130,0
DA:133,0
DA:145,0
DA:151,0
DA:157,0
DA:163,0
DA:207,0
DA:209,0
DA:212,0
DA:232,0
DA:238,0
DA:244,0
LF:64
LH:0
BRDA:36,0,0,0
BRDA:36,0,1,0
BRDA:48,1,0,0
BRDA:48,1,1,0
BRDA:48,2,0,0
BRDA:48,2,1,0
BRDA:48,2,2,0
BRDA:54,3,0,0
BRDA:54,3,1,0
BRDA:70,4,0,0
BRDA:70,4,1,0
BRDA:87,5,0,0
BRDA:87,5,1,0
BRDA:93,6,0,0
BRDA:93,6,1,0
BRDA:109,7,0,0
BRDA:109,7,1,0
BRDA:125,8,0,0
BRDA:125,8,1,0
BRDA:128,9,0,0
BRDA:128,9,1,0
BRDA:135,10,0,0
BRDA:135,10,1,0
BRDA:137,11,0,0
BRDA:137,11,1,0
BRDA:167,12,0,0
BRDA:167,12,1,0
BRDA:169,13,0,0
BRDA:169,13,1,0
BRDA:205,14,0,0
BRDA:207,15,0,0
BRDA:207,15,1,0
BRDA:219,16,0,0
BRDA:219,16,1,0
BRDA:228,17,0,0
BRDA:228,17,1,0
BRF:36
BRH:0
end_of_record
TN:
SF:src\components\Habits\HabitForm.js
FN:11,(anonymous_0)
FN:24,(anonymous_1)
FN:87,(anonymous_2)
FN:98,(anonymous_3)
FN:106,(anonymous_4)
FNF:5
FNH:0
FNDA:0,(anonymous_0)
FNDA:0,(anonymous_1)
FNDA:0,(anonymous_2)
FNDA:0,(anonymous_3)
FNDA:0,(anonymous_4)
DA:11,0
DA:12,0
DA:13,0
DA:14,0
DA:15,0
DA:16,0
DA:24,0
DA:25,0
DA:26,0
DA:27,0
DA:30,0
DA:31,0
DA:32,0
DA:33,0
DA:37,0
DA:40,0
DA:41,0
DA:42,0
DA:43,0
DA:44,0
DA:47,0
DA:49,0
DA:56,0
DA:59,0
DA:60,0
DA:61,0
DA:62,0
DA:64,0
DA:66,0
DA:67,0
DA:69,0
DA:72,0
DA:76,0
DA:87,0
DA:98,0
DA:106,0
LF:36
LH:0
BRDA:30,0,0,0
BRDA:30,0,1,0
BRDA:40,1,0,0
BRDA:40,1,1,0
BRDA:66,2,0,0
BRDA:66,2,1,0
BRDA:66,3,0,0
BRDA:66,3,1,0
BRDA:66,3,2,0
BRDA:122,4,0,0
BRDA:122,4,1,0
BRDA:127,5,0,0
BRDA:127,5,1,0
BRF:13
BRH:0
end_of_record
TN:
SF:src\components\Habits\HabitItem.js
FN:9,(anonymous_0)
FN:16,(anonymous_1)
FN:20,(anonymous_2)
FN:33,(anonymous_3)
FN:50,(anonymous_4)
FNF:5
FNH:0
FNDA:0,(anonymous_0)
FNDA:0,(anonymous_1)
FNDA:0,(anonymous_2)
FNDA:0,(anonymous_3)
FNDA:0,(anonymous_4)
DA:9,0
DA:10,0
DA:16,0
DA:17,0
DA:19,0
DA:20,0
DA:21,0
DA:22,0
DA:33,0
DA:34,0
DA:35,0
DA:40,0
DA:42,0
DA:43,0
DA:50,0
DA:51,0
DA:52,0
DA:54,0
DA:55,0
DA:58,0
DA:60,0
DA:61,0
DA:65,0
LF:23
LH:0
BRDA:17,0,0,0
BRDA:17,0,1,0
BRDA:17,1,0,0
BRDA:17,1,1,0
BRDA:23,2,0,0
BRDA:23,2,1,0
BRDA:23,2,2,0
BRDA:51,3,0,0
BRDA:51,3,1,0
BRDA:70,4,0,0
BRDA:70,4,1,0
BRDA:76,5,0,0
BRDA:76,5,1,0
BRDA:88,6,0,0
BRDA:88,6,1,0
BRDA:92,7,0,0
BRDA:92,7,1,0
BRF:17
BRH:0
end_of_record
TN:
SF:src\components\Habits\HabitList.js
FN:12,(anonymous_0)
FN:18,(anonymous_1)
FN:35,(anonymous_2)
FN:45,(anonymous_3)
FN:74,(anonymous_4)
FN:95,(anonymous_5)
FN:96,(anonymous_6)
FN:107,(anonymous_7)
FN:122,(anonymous_8)
FNF:9
FNH:0
FNDA:0,(anonymous_0)
FNDA:0,(anonymous_1)
FNDA:0,(anonymous_2)
FNDA:0,(anonymous_3)
FNDA:0,(anonymous_4)
FNDA:0,(anonymous_5)
FNDA:0,(anonymous_6)
FNDA:0,(anonymous_7)
FNDA:0,(anonymous_8)
DA:12,0
DA:14,0
DA:16,0
DA:18,0
DA:19,0
DA:20,0
DA:35,0
DA:37,0
DA:38,0
DA:39,0
DA:45,0
DA:46,0
DA:47,0
DA:48,0
DA:51,0
DA:52,0
DA:53,0
DA:54,0
DA:55,0
DA:58,0
DA:60,0
DA:63,0
DA:65,0
DA:66,0
DA:68,0
DA:74,0
DA:75,0
DA:79,0
DA:80,0
DA:90,0
DA:91,0
DA:95,0
DA:96,0
DA:98,0
DA:108,0
DA:123,0
LF:36
LH:0
BRDA:14,0,0,0
BRDA:14,0,1,0
BRDA:14,1,0,0
BRDA:14,1,1,0
BRDA:22,2,0,0
BRDA:22,2,1,0
BRDA:22,2,2,0
BRDA:51,3,0,0
BRDA:51,3,1,0
BRDA:79,4,0,0
BRDA:79,4,1,0
BRDA:90,5,0,0
BRDA:90,5,1,0
BRDA:101,6,0,0
BRDA:101,6,1,0
BRDA:116,7,0,0
BRDA:116,7,1,0
BRF:17
BRH:0
end_of_record
TN:
SF:src\components\Habits\HabitPage.js
FN:5,HabitPage
FN:8,(anonymous_1)
FN:8,(anonymous_2)
FNF:3
FNH:0
FNDA:0,HabitPage
FNDA:0,(anonymous_1)
FNDA:0,(anonymous_2)
DA:6,0
DA:8,0
DA:10,0
LF:3
LH:0
BRF:0
BRH:0
end_of_record
TN:
SF:src\components\Login\Login.js
FN:9,Login
FN:20,(anonymous_1)
FN:34,(anonymous_2)
FN:82,(anonymous_3)
FN:92,(anonymous_4)
FNF:5
FNH:5
FNDA:16,Login
FNDA:16,(anonymous_1)
FNDA:4,(anonymous_2)
FNDA:2,(anonymous_3)
FNDA:3,(anonymous_4)
DA:11,16
DA:12,16
DA:13,16
DA:14,16
DA:16,16
DA:20,16
DA:21,16
DA:22,16
DA:23,1
DA:34,16
DA:35,4
DA:38,4
DA:39,2
DA:40,2
DA:43,2
DA:45,2
DA:47,2
DA:51,1
DA:52,1
DA:54,1
DA:55,1
DA:57,1
DA:58,1
DA:60,0
DA:63,2
DA:67,16
DA:82,2
DA:92,3
LF:28
LH:27
BRDA:22,0,0,1
BRDA:22,0,1,15
BRDA:38,1,0,2
BRDA:38,1,1,2
BRDA:57,2,0,1
BRDA:57,2,1,0
BRDA:102,3,0,2
BRDA:102,3,1,14
BRDA:105,4,0,16
BRDA:105,4,1,4
BRDA:108,5,0,1
BRDA:108,5,1,3
BRF:12
BRH:11
end_of_record
TN:
SF:src\components\SignUp\SignUp.js
FN:4,SignUp
FN:10,(anonymous_1)
FN:41,(anonymous_2)
FN:53,(anonymous_3)
FN:66,(anonymous_4)
FNF:5
FNH:5
FNDA:16,SignUp
FNDA:3,(anonymous_1)
FNDA:3,(anonymous_2)
FNDA:3,(anonymous_3)
FNDA:3,(anonymous_4)
DA:5,16
DA:6,16
DA:7,16
DA:8,16
DA:10,16
DA:11,3
DA:12,3
DA:13,3
DA:14,1
DA:16,2
DA:17,1
DA:19,1
DA:21,2
DA:25,16
DA:41,3
DA:53,3
DA:66,3
LF:17
LH:17
BRDA:16,0,0,1
BRDA:16,0,1,1
BRDA:16,1,0,2
BRDA:16,1,1,1
BRDA:16,1,2,1
BRDA:75,2,0,16
BRDA:75,2,1,3
BRDA:78,3,0,1
BRDA:78,3,1,2
BRF:9
BRH:9
end_of_record
TN:
SF:src\components\common\Header.js
FN:3,Header
FN:6,(anonymous_1)
FNF:2
FNH:0
FNDA:0,Header
FNDA:0,(anonymous_1)
DA:4,0
DA:6,0
DA:7,0
DA:8,0
DA:11,0
LF:5
LH:0
BRF:0
BRH:0
end_of_record
TN:
SF:src\components\common\PrivateRoute.js
FN:14,PrivateRoute
FNF:1
FNH:0
FNDA:0,PrivateRoute
DA:15,0
DA:17,0
DA:19,0
DA:23,0
LF:4
LH:0
BRDA:17,0,0,0
BRDA:17,0,1,0
BRF:2
BRH:0
end_of_record
