TN:
SF:src\App.js
FN:13,App
FNF:1
FNH:0
FNDA:0,App
DA:14,0
LF:1
LH:0
BRF:0
BRH:0
end_of_record
TN:
SF:src\components\HabitPage.js
FN:4,HabitPage
FNF:1
FNH:0
FNDA:0,HabitPage
DA:6,0
LF:1
LH:0
BRF:0
BRH:0
end_of_record
TN:
SF:src\components\Login.js
FN:9,Login
FN:20,(anonymous_1)
FN:34,(anonymous_2)
FN:82,(anonymous_3)
FN:92,(anonymous_4)
FNF:5
FNH:5
FNDA:16,Login
FNDA:16,(anonymous_1)
FNDA:4,(anonymous_2)
FNDA:2,(anonymous_3)
FNDA:3,(anonymous_4)
DA:11,16
DA:12,16
DA:13,16
DA:14,16
DA:16,16
DA:20,16
DA:21,16
DA:22,16
DA:23,1
DA:34,16
DA:35,4
DA:38,4
DA:39,2
DA:40,2
DA:43,2
DA:45,2
DA:47,2
DA:51,1
DA:52,1
DA:54,1
DA:55,1
DA:57,1
DA:58,1
DA:60,0
DA:63,2
DA:67,16
DA:82,2
DA:92,3
LF:28
LH:27
BRDA:22,0,0,1
BRDA:22,0,1,15
BRDA:38,1,0,2
BRDA:38,1,1,2
BRDA:57,2,0,1
BRDA:57,2,1,0
BRDA:102,3,0,2
BRDA:102,3,1,14
BRDA:105,4,0,16
BRDA:105,4,1,4
BRDA:108,5,0,1
BRDA:108,5,1,3
BRF:12
BRH:11
end_of_record
TN:
SF:src\components\SignUp.js
FN:4,SignUp
FN:10,(anonymous_1)
FN:41,(anonymous_2)
FN:53,(anonymous_3)
FN:66,(anonymous_4)
FNF:5
FNH:5
FNDA:16,SignUp
FNDA:3,(anonymous_1)
FNDA:3,(anonymous_2)
FNDA:3,(anonymous_3)
FNDA:3,(anonymous_4)
DA:5,16
DA:6,16
DA:7,16
DA:8,16
DA:10,16
DA:11,3
DA:12,3
DA:13,3
DA:14,1
DA:16,2
DA:17,1
DA:19,1
DA:21,2
DA:25,16
DA:41,3
DA:53,3
DA:66,3
LF:17
LH:17
BRDA:16,0,0,1
BRDA:16,0,1,1
BRDA:16,1,0,2
BRDA:16,1,1,1
BRDA:16,1,2,1
BRDA:75,2,0,16
BRDA:75,2,1,3
BRDA:78,3,0,1
BRDA:78,3,1,2
BRF:9
BRH:9
end_of_record
TN:
SF:src\components\common\Header.js
FN:3,Header
FN:5,(anonymous_1)
FNF:2
FNH:0
FNDA:0,Header
FNDA:0,(anonymous_1)
DA:4,0
DA:5,0
DA:6,0
DA:7,0
DA:9,0
LF:5
LH:0
BRF:0
BRH:0
end_of_record
TN:
SF:src\components\common\PrivateRoute.js
FN:14,PrivateRoute
FNF:1
FNH:0
FNDA:0,PrivateRoute
DA:15,0
DA:17,0
DA:19,0
DA:23,0
LF:4
LH:0
BRDA:17,0,0,0
BRDA:17,0,1,0
BRF:2
BRH:0
end_of_record
